#
# There is insufficient memory for the Java Runtime Environment to continue.
# Native memory allocation (malloc) failed to allocate 32744 bytes for ChunkPool::allocate
# Possible reasons:
#   The system is out of physical RAM or swap space
#   The process is running with CompressedOops enabled, and the Java Heap may be blocking the growth of the native heap
# Possible solutions:
#   Reduce memory load on the system
#   Increase physical memory or swap space
#   Check if swap backing store is full
#   Decrease Java heap size (-Xmx/-Xms)
#   Decrease number of Java threads
#   Decrease Java thread stack sizes (-Xss)
#   Set larger code cache with -XX:ReservedCodeCacheSize=
#   JVM is running with Unscaled Compressed Oops mode in which the Java heap is
#     placed in the first 4GB address space. The Java Heap base address is the
#     maximum limit for the native heap growth. Please use -XX:HeapBaseMinAddress
#     to set the Java Heap base and to place the Java Heap above 4GB virtual address.
# This output file may be truncated or incomplete.
#
#  Out of Memory Error (arena.cpp:78), pid=20912, tid=20944
#
# JRE version: Java(TM) SE Runtime Environment (17.0+35) (build 17+35-LTS-2724)
# Java VM: Java HotSpot(TM) 64-Bit Server VM (17+35-LTS-2724, mixed mode, sharing, tiered, compressed oops, compressed class ptrs, g1 gc, windows-amd64)
# No core dump will be written. Minidumps are not enabled by default on client versions of Windows
#

---------------  S U M M A R Y ------------

Command Line: -javaagent:C:\Program Files\JetBrains\IntelliJ IDEA Community Edition 2023.3.3\lib\idea_rt.jar=7831:C:\Program Files\JetBrains\IntelliJ IDEA Community Edition 2023.3.3\bin -Dfile.encoding=UTF-8 com.zerobase.tabling.TablingApplication

Host: Intel(R) Core(TM) i5-9300H CPU @ 2.40GHz, 8 cores, 3G,  Windows 10 , 64 bit Build 22621 (10.0.22621.3527)
Time: Mon Jun 10 10:16:25 2024  Windows 10 , 64 bit Build 22621 (10.0.22621.3527) elapsed time: 67.817512 seconds (0d 0h 1m 7s)

---------------  T H R E A D  ---------------

Current thread (0x0000018672af9640):  JavaThread "C2 CompilerThread0" daemon [_thread_in_native, id=20944, stack(0x000000357d400000,0x000000357d500000)]


Current CompileTask:
C2:  67818 6863       4       java.lang.invoke.LambdaForm$Name::replaceNames (175 bytes)

Stack: [0x000000357d400000,0x000000357d500000]
Native frames: (J=compiled Java code, j=interpreted, Vv=VM code, C=native code)
V  [jvm.dll+0x66f8ea]
V  [jvm.dll+0x7ce224]
V  [jvm.dll+0x7cf9ce]
V  [jvm.dll+0x7d0033]
V  [jvm.dll+0x242bb5]
V  [jvm.dll+0xaa2a0]
V  [jvm.dll+0xaa5ec]
V  [jvm.dll+0x364c7c]
V  [jvm.dll+0x55acfd]
V  [jvm.dll+0x329f90]
V  [jvm.dll+0x32940a]
V  [jvm.dll+0x215ca1]
V  [jvm.dll+0x2150c1]
V  [jvm.dll+0x1a168d]
V  [jvm.dll+0x2248f8]
V  [jvm.dll+0x222a5c]
V  [jvm.dll+0x78422b]
V  [jvm.dll+0x77e7ea]
V  [jvm.dll+0x66e715]
C  [ucrtbase.dll+0x29333]
C  [KERNEL32.DLL+0x1257d]
C  [ntdll.dll+0x5aa48]


---------------  P R O C E S S  ---------------

Threads class SMR info:
_java_thread_list=0x000001867b9f19e0, length=31, elements={
0x0000018672ad29d0, 0x0000018672ad3640, 0x0000018672aeeb70, 0x0000018672af0840,
0x0000018672af24e0, 0x0000018672af3170, 0x0000018672af9640, 0x0000018672afa720,
0x0000018672b173e0, 0x00000186734f2910, 0x00000186736df900, 0x0000018673aae2a0,
0x0000018676a37550, 0x0000018673d3c910, 0x0000018674530aa0, 0x0000018677cd3050,
0x0000018673bce850, 0x0000018677bee700, 0x0000018677bef0a0, 0x0000018677beebd0,
0x0000018677befa40, 0x0000018677bec080, 0x0000018677bed890, 0x0000018677beca20,
0x0000018677bedd60, 0x0000018677bee230, 0x0000018677becef0, 0x0000018677bed3c0,
0x00000186762a46f0, 0x00000186762a4220, 0x00000186762a2a10
}

Java Threads: ( => current thread )
  0x0000018672ad29d0 JavaThread "Reference Handler" daemon [_thread_blocked, id=20608, stack(0x000000357ce00000,0x000000357cf00000)]
  0x0000018672ad3640 JavaThread "Finalizer" daemon [_thread_blocked, id=20560, stack(0x000000357cf00000,0x000000357d000000)]
  0x0000018672aeeb70 JavaThread "Signal Dispatcher" daemon [_thread_blocked, id=20752, stack(0x000000357d000000,0x000000357d100000)]
  0x0000018672af0840 JavaThread "Attach Listener" daemon [_thread_blocked, id=20816, stack(0x000000357d100000,0x000000357d200000)]
  0x0000018672af24e0 JavaThread "Service Thread" daemon [_thread_blocked, id=20824, stack(0x000000357d200000,0x000000357d300000)]
  0x0000018672af3170 JavaThread "Monitor Deflation Thread" daemon [_thread_blocked, id=20876, stack(0x000000357d300000,0x000000357d400000)]
=>0x0000018672af9640 JavaThread "C2 CompilerThread0" daemon [_thread_in_native, id=20944, stack(0x000000357d400000,0x000000357d500000)]
  0x0000018672afa720 JavaThread "C1 CompilerThread0" daemon [_thread_blocked, id=23356, stack(0x000000357d500000,0x000000357d600000)]
  0x0000018672b173e0 JavaThread "Sweeper thread" daemon [_thread_blocked, id=13336, stack(0x000000357d600000,0x000000357d700000)]
  0x00000186734f2910 JavaThread "Common-Cleaner" daemon [_thread_blocked, id=2732, stack(0x000000357d700000,0x000000357d800000)]
  0x00000186736df900 JavaThread "Monitor Ctrl-Break" daemon [_thread_in_native, id=11052, stack(0x000000357d800000,0x000000357d900000)]
  0x0000018673aae2a0 JavaThread "Notification Thread" daemon [_thread_blocked, id=11684, stack(0x000000357d900000,0x000000357da00000)]
  0x0000018676a37550 JavaThread "HikariPool-1 housekeeper" daemon [_thread_blocked, id=22156, stack(0x000000357e400000,0x000000357e500000)]
  0x0000018673d3c910 JavaThread "lettuce-timer-3-1" daemon [_thread_blocked, id=23460, stack(0x000000357e600000,0x000000357e700000)]
  0x0000018674530aa0 JavaThread "Catalina-utility-1" [_thread_blocked, id=26480, stack(0x000000357e700000,0x000000357e800000)]
  0x0000018677cd3050 JavaThread "Catalina-utility-2" [_thread_blocked, id=21092, stack(0x000000357e800000,0x000000357e900000)]
  0x0000018673bce850 JavaThread "container-0" [_thread_blocked, id=24380, stack(0x000000357e900000,0x000000357ea00000)]
  0x0000018677bee700 JavaThread "lettuce-timer-5-1" daemon [_thread_blocked, id=16168, stack(0x000000357e500000,0x000000357e600000)]
  0x0000018677bef0a0 JavaThread "http-nio-8080-exec-1" daemon [_thread_blocked, id=6308, stack(0x000000357ea00000,0x000000357eb00000)]
  0x0000018677beebd0 JavaThread "http-nio-8080-exec-2" daemon [_thread_in_native, id=21668, stack(0x000000357eb00000,0x000000357ec00000)]
  0x0000018677befa40 JavaThread "http-nio-8080-exec-3" daemon [_thread_blocked, id=10992, stack(0x000000357ec00000,0x000000357ed00000)]
  0x0000018677bec080 JavaThread "http-nio-8080-exec-4" daemon [_thread_blocked, id=26540, stack(0x000000357ed00000,0x000000357ee00000)]
  0x0000018677bed890 JavaThread "http-nio-8080-exec-5" daemon [_thread_blocked, id=10080, stack(0x000000357ee00000,0x000000357ef00000)]
  0x0000018677beca20 JavaThread "http-nio-8080-exec-6" daemon [_thread_blocked, id=22848, stack(0x000000357ef00000,0x000000357f000000)]
  0x0000018677bedd60 JavaThread "http-nio-8080-exec-7" daemon [_thread_blocked, id=3976, stack(0x000000357f000000,0x000000357f100000)]
  0x0000018677bee230 JavaThread "http-nio-8080-exec-8" daemon [_thread_blocked, id=19176, stack(0x000000357f100000,0x000000357f200000)]
  0x0000018677becef0 JavaThread "http-nio-8080-exec-9" daemon [_thread_blocked, id=27040, stack(0x000000357f200000,0x000000357f300000)]
  0x0000018677bed3c0 JavaThread "http-nio-8080-exec-10" daemon [_thread_blocked, id=20928, stack(0x000000357f300000,0x000000357f400000)]
  0x00000186762a46f0 JavaThread "http-nio-8080-Poller" daemon [_thread_in_native, id=9288, stack(0x000000357f400000,0x000000357f500000)]
  0x00000186762a4220 JavaThread "http-nio-8080-Acceptor" daemon [_thread_in_native, id=21332, stack(0x000000357f500000,0x000000357f600000)]
  0x00000186762a2a10 JavaThread "DestroyJavaVM" [_thread_blocked, id=25916, stack(0x000000357c700000,0x000000357c800000)]

Other Threads:
  0x0000018672ac92c0 VMThread "VM Thread" [stack: 0x000000357cd00000,0x000000357ce00000] [id=20584]
  0x00000186736df320 WatcherThread [stack: 0x000000357da00000,0x000000357db00000] [id=13792]
  0x000001865519f850 GCTaskThread "GC Thread#0" [stack: 0x000000357c800000,0x000000357c900000] [id=1932]
  0x0000018673f67060 GCTaskThread "GC Thread#1" [stack: 0x000000357db00000,0x000000357dc00000] [id=27028]
  0x0000018673f29080 GCTaskThread "GC Thread#2" [stack: 0x000000357dc00000,0x000000357dd00000] [id=23432]
  0x0000018673f29330 GCTaskThread "GC Thread#3" [stack: 0x000000357dd00000,0x000000357de00000] [id=4044]
  0x0000018673f17070 GCTaskThread "GC Thread#4" [stack: 0x000000357de00000,0x000000357df00000] [id=27416]
  0x0000018674574460 GCTaskThread "GC Thread#5" [stack: 0x000000357e000000,0x000000357e100000] [id=7432]
  0x0000018674e9d1d0 GCTaskThread "GC Thread#6" [stack: 0x000000357e100000,0x000000357e200000] [id=26696]
  0x000001867458fb30 GCTaskThread "GC Thread#7" [stack: 0x000000357e200000,0x000000357e300000] [id=19212]
  0x00000186551a8310 ConcurrentGCThread "G1 Main Marker" [stack: 0x000000357c900000,0x000000357ca00000] [id=1960]
  0x00000186551a8c20 ConcurrentGCThread "G1 Conc#0" [stack: 0x000000357ca00000,0x000000357cb00000] [id=2572]
  0x0000018676429d10 ConcurrentGCThread "G1 Conc#1" [stack: 0x000000357df00000,0x000000357e000000] [id=26708]
  0x00000186551e8730 ConcurrentGCThread "G1 Refine#0" [stack: 0x000000357cb00000,0x000000357cc00000] [id=16436]
  0x00000186551e9050 ConcurrentGCThread "G1 Service" [stack: 0x000000357cc00000,0x000000357cd00000] [id=20504]

Threads with active compile tasks:
C2 CompilerThread0    67977 6863       4       java.lang.invoke.LambdaForm$Name::replaceNames (175 bytes)

VM state: not at safepoint (normal execution)

VM Mutex/Monitor currently owned by a thread: None

Heap address: 0x00000000c1c00000, size: 996 MB, Compressed Oops mode: 32-bit

CDS archive(s) mapped at: [0x0000000800000000-0x0000000800bc0000-0x0000000800bc0000), size 12320768, SharedBaseAddress: 0x0000000800000000, ArchiveRelocationMode: 0.
Compressed class space mapped at: 0x0000000800c00000-0x0000000840c00000, reserved size: 1073741824
Narrow klass base: 0x0000000800000000, Narrow klass shift: 0, Narrow klass range: 0x100000000

GC Precious Log:
 CPUs: 8 total, 8 available
 Memory: 3976M
 Large Page Support: Disabled
 NUMA Support: Disabled
 Compressed Oops: Enabled (32-bit)
 Heap Region Size: 1M
 Heap Min Capacity: 8M
 Heap Initial Capacity: 64M
 Heap Max Capacity: 996M
 Pre-touch: Disabled
 Parallel Workers: 8
 Concurrent Workers: 2
 Concurrent Refinement Workers: 8
 Periodic GC: Disabled

Heap:
 garbage-first heap   total 156672K, used 84796K [0x00000000c1c00000, 0x0000000100000000)
  region size 1024K, 52 young (53248K), 4 survivors (4096K)
 Metaspace       used 77166K, committed 77760K, reserved 1122304K
  class space    used 10660K, committed 10944K, reserved 1048576K

Heap Regions: E=young(eden), S=young(survivor), O=old, HS=humongous(starts), HC=humongous(continues), CS=collection set, F=free, OA=open archive, CA=closed archive, TAMS=top-at-mark-start (previous, next)
|   0|0x00000000c1c00000, 0x00000000c1d00000, 0x00000000c1d00000|100%|HS|  |TAMS 0x00000000c1d00000, 0x00000000c1c00000| Complete 
|   1|0x00000000c1d00000, 0x00000000c1e00000, 0x00000000c1e00000|100%| O|  |TAMS 0x00000000c1e00000, 0x00000000c1d00000| Untracked 
|   2|0x00000000c1e00000, 0x00000000c1f00000, 0x00000000c1f00000|100%| O|  |TAMS 0x00000000c1f00000, 0x00000000c1e00000| Untracked 
|   3|0x00000000c1f00000, 0x00000000c2000000, 0x00000000c2000000|100%| O|  |TAMS 0x00000000c2000000, 0x00000000c1f00000| Untracked 
|   4|0x00000000c2000000, 0x00000000c2100000, 0x00000000c2100000|100%| O|  |TAMS 0x00000000c2100000, 0x00000000c2000000| Untracked 
|   5|0x00000000c2100000, 0x00000000c2200000, 0x00000000c2200000|100%| O|  |TAMS 0x00000000c2200000, 0x00000000c2100000| Untracked 
|   6|0x00000000c2200000, 0x00000000c2300000, 0x00000000c2300000|100%| O|  |TAMS 0x00000000c2300000, 0x00000000c2200000| Untracked 
|   7|0x00000000c2300000, 0x00000000c2400000, 0x00000000c2400000|100%| O|  |TAMS 0x00000000c2400000, 0x00000000c2300000| Untracked 
|   8|0x00000000c2400000, 0x00000000c2500000, 0x00000000c2500000|100%| O|  |TAMS 0x00000000c2500000, 0x00000000c2400000| Untracked 
|   9|0x00000000c2500000, 0x00000000c2600000, 0x00000000c2600000|100%| O|  |TAMS 0x00000000c2600000, 0x00000000c2500000| Untracked 
|  10|0x00000000c2600000, 0x00000000c26b7000, 0x00000000c2700000| 71%| O|  |TAMS 0x00000000c26b7000, 0x00000000c2600000| Untracked 
|  11|0x00000000c2700000, 0x00000000c2800000, 0x00000000c2800000|100%| O|  |TAMS 0x00000000c2800000, 0x00000000c2700000| Untracked 
|  12|0x00000000c2800000, 0x00000000c2900000, 0x00000000c2900000|100%| O|  |TAMS 0x00000000c2900000, 0x00000000c2800000| Untracked 
|  13|0x00000000c2900000, 0x00000000c2a00000, 0x00000000c2a00000|100%| O|  |TAMS 0x00000000c2a00000, 0x00000000c2900000| Untracked 
|  14|0x00000000c2a00000, 0x00000000c2aab200, 0x00000000c2b00000| 66%| O|  |TAMS 0x00000000c2aab200, 0x00000000c2a00000| Untracked 
|  15|0x00000000c2b00000, 0x00000000c2c00000, 0x00000000c2c00000|100%| O|  |TAMS 0x00000000c2c00000, 0x00000000c2b00000| Untracked 
|  16|0x00000000c2c00000, 0x00000000c2d00000, 0x00000000c2d00000|100%| O|  |TAMS 0x00000000c2d00000, 0x00000000c2c00000| Untracked 
|  17|0x00000000c2d00000, 0x00000000c2e00000, 0x00000000c2e00000|100%| O|  |TAMS 0x00000000c2e00000, 0x00000000c2d00000| Untracked 
|  18|0x00000000c2e00000, 0x00000000c2f00000, 0x00000000c2f00000|100%| O|  |TAMS 0x00000000c2f00000, 0x00000000c2e00000| Untracked 
|  19|0x00000000c2f00000, 0x00000000c3000000, 0x00000000c3000000|100%| O|  |TAMS 0x00000000c3000000, 0x00000000c2f00000| Untracked 
|  20|0x00000000c3000000, 0x00000000c3100000, 0x00000000c3100000|100%| O|  |TAMS 0x00000000c3100000, 0x00000000c3000000| Untracked 
|  21|0x00000000c3100000, 0x00000000c3200000, 0x00000000c3200000|100%| O|  |TAMS 0x00000000c3200000, 0x00000000c3100000| Untracked 
|  22|0x00000000c3200000, 0x00000000c3300000, 0x00000000c3300000|100%| O|  |TAMS 0x00000000c3300000, 0x00000000c3200000| Untracked 
|  23|0x00000000c3300000, 0x00000000c3400000, 0x00000000c3400000|100%| O|  |TAMS 0x00000000c3400000, 0x00000000c3300000| Untracked 
|  24|0x00000000c3400000, 0x00000000c3500000, 0x00000000c3500000|100%| O|  |TAMS 0x00000000c3478a00, 0x00000000c3400000| Untracked 
|  25|0x00000000c3500000, 0x00000000c3600000, 0x00000000c3600000|100%| O|  |TAMS 0x00000000c3500000, 0x00000000c3500000| Untracked 
|  26|0x00000000c3600000, 0x00000000c3700000, 0x00000000c3700000|100%| O|  |TAMS 0x00000000c3600000, 0x00000000c3600000| Untracked 
|  27|0x00000000c3700000, 0x00000000c3800000, 0x00000000c3800000|100%| O|  |TAMS 0x00000000c3700000, 0x00000000c3700000| Untracked 
|  28|0x00000000c3800000, 0x00000000c3900000, 0x00000000c3900000|100%| O|  |TAMS 0x00000000c3800000, 0x00000000c3800000| Untracked 
|  29|0x00000000c3900000, 0x00000000c3a00000, 0x00000000c3a00000|100%| O|  |TAMS 0x00000000c3900000, 0x00000000c3900000| Untracked 
|  30|0x00000000c3a00000, 0x00000000c3b00000, 0x00000000c3b00000|100%| O|  |TAMS 0x00000000c3a00000, 0x00000000c3a00000| Untracked 
|  31|0x00000000c3b00000, 0x00000000c3c00000, 0x00000000c3c00000|100%| O|  |TAMS 0x00000000c3b00000, 0x00000000c3b00000| Untracked 
|  32|0x00000000c3c00000, 0x00000000c3c71a00, 0x00000000c3d00000| 44%| O|  |TAMS 0x00000000c3c00000, 0x00000000c3c00000| Untracked 
|  33|0x00000000c3d00000, 0x00000000c3d00000, 0x00000000c3e00000|  0%| F|  |TAMS 0x00000000c3d00000, 0x00000000c3d00000| Untracked 
|  34|0x00000000c3e00000, 0x00000000c3e00000, 0x00000000c3f00000|  0%| F|  |TAMS 0x00000000c3e00000, 0x00000000c3e00000| Untracked 
|  35|0x00000000c3f00000, 0x00000000c3f00000, 0x00000000c4000000|  0%| F|  |TAMS 0x00000000c3f00000, 0x00000000c3f00000| Untracked 
|  36|0x00000000c4000000, 0x00000000c4000000, 0x00000000c4100000|  0%| F|  |TAMS 0x00000000c4000000, 0x00000000c4000000| Untracked 
|  37|0x00000000c4100000, 0x00000000c4100000, 0x00000000c4200000|  0%| F|  |TAMS 0x00000000c4100000, 0x00000000c4100000| Untracked 
|  38|0x00000000c4200000, 0x00000000c4200000, 0x00000000c4300000|  0%| F|  |TAMS 0x00000000c4200000, 0x00000000c4200000| Untracked 
|  39|0x00000000c4300000, 0x00000000c4300000, 0x00000000c4400000|  0%| F|  |TAMS 0x00000000c4300000, 0x00000000c4300000| Untracked 
|  40|0x00000000c4400000, 0x00000000c4400000, 0x00000000c4500000|  0%| F|  |TAMS 0x00000000c4400000, 0x00000000c4400000| Untracked 
|  41|0x00000000c4500000, 0x00000000c4500000, 0x00000000c4600000|  0%| F|  |TAMS 0x00000000c4500000, 0x00000000c4500000| Untracked 
|  42|0x00000000c4600000, 0x00000000c4600000, 0x00000000c4700000|  0%| F|  |TAMS 0x00000000c4600000, 0x00000000c4600000| Untracked 
|  43|0x00000000c4700000, 0x00000000c4700000, 0x00000000c4800000|  0%| F|  |TAMS 0x00000000c4700000, 0x00000000c4700000| Untracked 
|  44|0x00000000c4800000, 0x00000000c48fb508, 0x00000000c4900000| 98%| S|CS|TAMS 0x00000000c4800000, 0x00000000c4800000| Complete 
|  45|0x00000000c4900000, 0x00000000c4900000, 0x00000000c4a00000|  0%| F|  |TAMS 0x00000000c4900000, 0x00000000c4900000| Untracked 
|  46|0x00000000c4a00000, 0x00000000c4a00000, 0x00000000c4b00000|  0%| F|  |TAMS 0x00000000c4a00000, 0x00000000c4a00000| Untracked 
|  47|0x00000000c4b00000, 0x00000000c4c00000, 0x00000000c4c00000|100%| S|CS|TAMS 0x00000000c4b00000, 0x00000000c4b00000| Complete 
|  48|0x00000000c4c00000, 0x00000000c4d00000, 0x00000000c4d00000|100%| S|CS|TAMS 0x00000000c4c00000, 0x00000000c4c00000| Complete 
|  49|0x00000000c4d00000, 0x00000000c4e00000, 0x00000000c4e00000|100%| S|CS|TAMS 0x00000000c4d00000, 0x00000000c4d00000| Complete 
|  50|0x00000000c4e00000, 0x00000000c4e00000, 0x00000000c4f00000|  0%| F|  |TAMS 0x00000000c4e00000, 0x00000000c4e00000| Untracked 
|  51|0x00000000c4f00000, 0x00000000c4f00000, 0x00000000c5000000|  0%| F|  |TAMS 0x00000000c4f00000, 0x00000000c4f00000| Untracked 
|  52|0x00000000c5000000, 0x00000000c5000000, 0x00000000c5100000|  0%| F|  |TAMS 0x00000000c5000000, 0x00000000c5000000| Untracked 
|  53|0x00000000c5100000, 0x00000000c5100000, 0x00000000c5200000|  0%| F|  |TAMS 0x00000000c5100000, 0x00000000c5100000| Untracked 
|  54|0x00000000c5200000, 0x00000000c5200000, 0x00000000c5300000|  0%| F|  |TAMS 0x00000000c5200000, 0x00000000c5200000| Untracked 
|  55|0x00000000c5300000, 0x00000000c5300000, 0x00000000c5400000|  0%| F|  |TAMS 0x00000000c5300000, 0x00000000c5300000| Untracked 
|  56|0x00000000c5400000, 0x00000000c5400000, 0x00000000c5500000|  0%| F|  |TAMS 0x00000000c5400000, 0x00000000c5400000| Untracked 
|  57|0x00000000c5500000, 0x00000000c5500000, 0x00000000c5600000|  0%| F|  |TAMS 0x00000000c5500000, 0x00000000c5500000| Untracked 
|  58|0x00000000c5600000, 0x00000000c5600000, 0x00000000c5700000|  0%| F|  |TAMS 0x00000000c5600000, 0x00000000c5600000| Untracked 
|  59|0x00000000c5700000, 0x00000000c5700000, 0x00000000c5800000|  0%| F|  |TAMS 0x00000000c5700000, 0x00000000c5700000| Untracked 
|  60|0x00000000c5800000, 0x00000000c5800000, 0x00000000c5900000|  0%| F|  |TAMS 0x00000000c5800000, 0x00000000c5800000| Untracked 
|  61|0x00000000c5900000, 0x00000000c5900000, 0x00000000c5a00000|  0%| F|  |TAMS 0x00000000c5900000, 0x00000000c5900000| Untracked 
|  62|0x00000000c5a00000, 0x00000000c5a00000, 0x00000000c5b00000|  0%| F|  |TAMS 0x00000000c5a00000, 0x00000000c5a00000| Untracked 
|  63|0x00000000c5b00000, 0x00000000c5b00000, 0x00000000c5c00000|  0%| F|  |TAMS 0x00000000c5b00000, 0x00000000c5b00000| Untracked 
|  64|0x00000000c5c00000, 0x00000000c5c00000, 0x00000000c5d00000|  0%| F|  |TAMS 0x00000000c5c00000, 0x00000000c5c00000| Untracked 
|  65|0x00000000c5d00000, 0x00000000c5d00000, 0x00000000c5e00000|  0%| F|  |TAMS 0x00000000c5d00000, 0x00000000c5d00000| Untracked 
|  66|0x00000000c5e00000, 0x00000000c5e00000, 0x00000000c5f00000|  0%| F|  |TAMS 0x00000000c5e00000, 0x00000000c5e00000| Untracked 
|  67|0x00000000c5f00000, 0x00000000c5f00000, 0x00000000c6000000|  0%| F|  |TAMS 0x00000000c5f00000, 0x00000000c5f00000| Untracked 
|  68|0x00000000c6000000, 0x00000000c6000000, 0x00000000c6100000|  0%| F|  |TAMS 0x00000000c6000000, 0x00000000c6000000| Untracked 
|  69|0x00000000c6100000, 0x00000000c6100000, 0x00000000c6200000|  0%| F|  |TAMS 0x00000000c6100000, 0x00000000c6100000| Untracked 
|  70|0x00000000c6200000, 0x00000000c6200000, 0x00000000c6300000|  0%| F|  |TAMS 0x00000000c6200000, 0x00000000c6200000| Untracked 
|  71|0x00000000c6300000, 0x00000000c6300000, 0x00000000c6400000|  0%| F|  |TAMS 0x00000000c6300000, 0x00000000c6300000| Untracked 
|  72|0x00000000c6400000, 0x00000000c6400000, 0x00000000c6500000|  0%| F|  |TAMS 0x00000000c6400000, 0x00000000c6400000| Untracked 
|  73|0x00000000c6500000, 0x00000000c6500000, 0x00000000c6600000|  0%| F|  |TAMS 0x00000000c6500000, 0x00000000c6500000| Untracked 
|  74|0x00000000c6600000, 0x00000000c6600000, 0x00000000c6700000|  0%| F|  |TAMS 0x00000000c6600000, 0x00000000c6600000| Untracked 
|  75|0x00000000c6700000, 0x00000000c6700000, 0x00000000c6800000|  0%| F|  |TAMS 0x00000000c6700000, 0x00000000c6700000| Untracked 
|  76|0x00000000c6800000, 0x00000000c6800000, 0x00000000c6900000|  0%| F|  |TAMS 0x00000000c6800000, 0x00000000c6800000| Untracked 
|  77|0x00000000c6900000, 0x00000000c6900000, 0x00000000c6a00000|  0%| F|  |TAMS 0x00000000c6900000, 0x00000000c6900000| Untracked 
|  78|0x00000000c6a00000, 0x00000000c6a00000, 0x00000000c6b00000|  0%| F|  |TAMS 0x00000000c6a00000, 0x00000000c6a00000| Untracked 
|  79|0x00000000c6b00000, 0x00000000c6b00000, 0x00000000c6c00000|  0%| F|  |TAMS 0x00000000c6b00000, 0x00000000c6b00000| Untracked 
|  80|0x00000000c6c00000, 0x00000000c6c00000, 0x00000000c6d00000|  0%| F|  |TAMS 0x00000000c6c00000, 0x00000000c6c00000| Untracked 
|  81|0x00000000c6d00000, 0x00000000c6d00000, 0x00000000c6e00000|  0%| F|  |TAMS 0x00000000c6d00000, 0x00000000c6d00000| Untracked 
|  82|0x00000000c6e00000, 0x00000000c6e00000, 0x00000000c6f00000|  0%| F|  |TAMS 0x00000000c6e00000, 0x00000000c6e00000| Untracked 
|  83|0x00000000c6f00000, 0x00000000c6f00000, 0x00000000c7000000|  0%| F|  |TAMS 0x00000000c6f00000, 0x00000000c6f00000| Untracked 
|  84|0x00000000c7000000, 0x00000000c7000000, 0x00000000c7100000|  0%| F|  |TAMS 0x00000000c7000000, 0x00000000c7000000| Untracked 
|  85|0x00000000c7100000, 0x00000000c7100000, 0x00000000c7200000|  0%| F|  |TAMS 0x00000000c7100000, 0x00000000c7100000| Untracked 
|  86|0x00000000c7200000, 0x00000000c7200000, 0x00000000c7300000|  0%| F|  |TAMS 0x00000000c7200000, 0x00000000c7200000| Untracked 
|  87|0x00000000c7300000, 0x00000000c7300000, 0x00000000c7400000|  0%| F|  |TAMS 0x00000000c7300000, 0x00000000c7300000| Untracked 
|  88|0x00000000c7400000, 0x00000000c7400000, 0x00000000c7500000|  0%| F|  |TAMS 0x00000000c7400000, 0x00000000c7400000| Untracked 
|  89|0x00000000c7500000, 0x00000000c7500000, 0x00000000c7600000|  0%| F|  |TAMS 0x00000000c7500000, 0x00000000c7500000| Untracked 
|  90|0x00000000c7600000, 0x00000000c7600000, 0x00000000c7700000|  0%| F|  |TAMS 0x00000000c7600000, 0x00000000c7600000| Untracked 
|  91|0x00000000c7700000, 0x00000000c7700000, 0x00000000c7800000|  0%| F|  |TAMS 0x00000000c7700000, 0x00000000c7700000| Untracked 
|  92|0x00000000c7800000, 0x00000000c7800000, 0x00000000c7900000|  0%| F|  |TAMS 0x00000000c7800000, 0x00000000c7800000| Untracked 
|  93|0x00000000c7900000, 0x00000000c7900000, 0x00000000c7a00000|  0%| F|  |TAMS 0x00000000c7900000, 0x00000000c7900000| Untracked 
|  94|0x00000000c7a00000, 0x00000000c7a00000, 0x00000000c7b00000|  0%| F|  |TAMS 0x00000000c7a00000, 0x00000000c7a00000| Untracked 
|  95|0x00000000c7b00000, 0x00000000c7b00000, 0x00000000c7c00000|  0%| F|  |TAMS 0x00000000c7b00000, 0x00000000c7b00000| Untracked 
|  96|0x00000000c7c00000, 0x00000000c7c00000, 0x00000000c7d00000|  0%| F|  |TAMS 0x00000000c7c00000, 0x00000000c7c00000| Untracked 
|  97|0x00000000c7d00000, 0x00000000c7d00000, 0x00000000c7e00000|  0%| F|  |TAMS 0x00000000c7d00000, 0x00000000c7d00000| Untracked 
|  98|0x00000000c7e00000, 0x00000000c7e00000, 0x00000000c7f00000|  0%| F|  |TAMS 0x00000000c7e00000, 0x00000000c7e00000| Untracked 
|  99|0x00000000c7f00000, 0x00000000c7f00000, 0x00000000c8000000|  0%| F|  |TAMS 0x00000000c7f00000, 0x00000000c7f00000| Untracked 
| 100|0x00000000c8000000, 0x00000000c8000000, 0x00000000c8100000|  0%| F|  |TAMS 0x00000000c8000000, 0x00000000c8000000| Untracked 
| 101|0x00000000c8100000, 0x00000000c8100000, 0x00000000c8200000|  0%| F|  |TAMS 0x00000000c8100000, 0x00000000c8100000| Untracked 
| 102|0x00000000c8200000, 0x00000000c8200000, 0x00000000c8300000|  0%| F|  |TAMS 0x00000000c8200000, 0x00000000c8200000| Untracked 
| 103|0x00000000c8300000, 0x00000000c8300000, 0x00000000c8400000|  0%| F|  |TAMS 0x00000000c8300000, 0x00000000c8300000| Untracked 
| 104|0x00000000c8400000, 0x00000000c8400000, 0x00000000c8500000|  0%| F|  |TAMS 0x00000000c8400000, 0x00000000c8400000| Untracked 
| 105|0x00000000c8500000, 0x00000000c8600000, 0x00000000c8600000|100%| E|  |TAMS 0x00000000c8500000, 0x00000000c8500000| Complete 
| 106|0x00000000c8600000, 0x00000000c8700000, 0x00000000c8700000|100%| E|CS|TAMS 0x00000000c8600000, 0x00000000c8600000| Complete 
| 107|0x00000000c8700000, 0x00000000c8800000, 0x00000000c8800000|100%| E|CS|TAMS 0x00000000c8700000, 0x00000000c8700000| Complete 
| 108|0x00000000c8800000, 0x00000000c8900000, 0x00000000c8900000|100%| E|CS|TAMS 0x00000000c8800000, 0x00000000c8800000| Complete 
| 109|0x00000000c8900000, 0x00000000c8a00000, 0x00000000c8a00000|100%| E|CS|TAMS 0x00000000c8900000, 0x00000000c8900000| Complete 
| 110|0x00000000c8a00000, 0x00000000c8b00000, 0x00000000c8b00000|100%| E|CS|TAMS 0x00000000c8a00000, 0x00000000c8a00000| Complete 
| 111|0x00000000c8b00000, 0x00000000c8c00000, 0x00000000c8c00000|100%| E|CS|TAMS 0x00000000c8b00000, 0x00000000c8b00000| Complete 
| 112|0x00000000c8c00000, 0x00000000c8d00000, 0x00000000c8d00000|100%| E|CS|TAMS 0x00000000c8c00000, 0x00000000c8c00000| Complete 
| 113|0x00000000c8d00000, 0x00000000c8e00000, 0x00000000c8e00000|100%| E|CS|TAMS 0x00000000c8d00000, 0x00000000c8d00000| Complete 
| 114|0x00000000c8e00000, 0x00000000c8f00000, 0x00000000c8f00000|100%| E|CS|TAMS 0x00000000c8e00000, 0x00000000c8e00000| Complete 
| 115|0x00000000c8f00000, 0x00000000c9000000, 0x00000000c9000000|100%| E|CS|TAMS 0x00000000c8f00000, 0x00000000c8f00000| Complete 
| 116|0x00000000c9000000, 0x00000000c9100000, 0x00000000c9100000|100%| E|CS|TAMS 0x00000000c9000000, 0x00000000c9000000| Complete 
| 117|0x00000000c9100000, 0x00000000c9200000, 0x00000000c9200000|100%| E|CS|TAMS 0x00000000c9100000, 0x00000000c9100000| Complete 
| 118|0x00000000c9200000, 0x00000000c9300000, 0x00000000c9300000|100%| E|CS|TAMS 0x00000000c9200000, 0x00000000c9200000| Complete 
| 119|0x00000000c9300000, 0x00000000c9400000, 0x00000000c9400000|100%| E|CS|TAMS 0x00000000c9300000, 0x00000000c9300000| Complete 
| 120|0x00000000c9400000, 0x00000000c9500000, 0x00000000c9500000|100%| E|CS|TAMS 0x00000000c9400000, 0x00000000c9400000| Complete 
| 121|0x00000000c9500000, 0x00000000c9600000, 0x00000000c9600000|100%| E|CS|TAMS 0x00000000c9500000, 0x00000000c9500000| Complete 
| 122|0x00000000c9600000, 0x00000000c9700000, 0x00000000c9700000|100%| E|CS|TAMS 0x00000000c9600000, 0x00000000c9600000| Complete 
| 123|0x00000000c9700000, 0x00000000c9800000, 0x00000000c9800000|100%| E|CS|TAMS 0x00000000c9700000, 0x00000000c9700000| Complete 
| 124|0x00000000c9800000, 0x00000000c9900000, 0x00000000c9900000|100%| E|CS|TAMS 0x00000000c9800000, 0x00000000c9800000| Complete 
| 125|0x00000000c9900000, 0x00000000c9a00000, 0x00000000c9a00000|100%| E|CS|TAMS 0x00000000c9900000, 0x00000000c9900000| Complete 
| 126|0x00000000c9a00000, 0x00000000c9b00000, 0x00000000c9b00000|100%| E|CS|TAMS 0x00000000c9a00000, 0x00000000c9a00000| Complete 
| 127|0x00000000c9b00000, 0x00000000c9c00000, 0x00000000c9c00000|100%| E|CS|TAMS 0x00000000c9b00000, 0x00000000c9b00000| Complete 
| 128|0x00000000c9c00000, 0x00000000c9d00000, 0x00000000c9d00000|100%| E|CS|TAMS 0x00000000c9c00000, 0x00000000c9c00000| Complete 
| 129|0x00000000c9d00000, 0x00000000c9e00000, 0x00000000c9e00000|100%| E|CS|TAMS 0x00000000c9d00000, 0x00000000c9d00000| Complete 
| 130|0x00000000c9e00000, 0x00000000c9f00000, 0x00000000c9f00000|100%| E|CS|TAMS 0x00000000c9e00000, 0x00000000c9e00000| Complete 
| 131|0x00000000c9f00000, 0x00000000ca000000, 0x00000000ca000000|100%| E|CS|TAMS 0x00000000c9f00000, 0x00000000c9f00000| Complete 
| 132|0x00000000ca000000, 0x00000000ca100000, 0x00000000ca100000|100%| E|CS|TAMS 0x00000000ca000000, 0x00000000ca000000| Complete 
| 133|0x00000000ca100000, 0x00000000ca200000, 0x00000000ca200000|100%| E|CS|TAMS 0x00000000ca100000, 0x00000000ca100000| Complete 
| 134|0x00000000ca200000, 0x00000000ca300000, 0x00000000ca300000|100%| E|CS|TAMS 0x00000000ca200000, 0x00000000ca200000| Complete 
| 135|0x00000000ca300000, 0x00000000ca400000, 0x00000000ca400000|100%| E|CS|TAMS 0x00000000ca300000, 0x00000000ca300000| Complete 
| 136|0x00000000ca400000, 0x00000000ca500000, 0x00000000ca500000|100%| E|CS|TAMS 0x00000000ca400000, 0x00000000ca400000| Complete 
| 137|0x00000000ca500000, 0x00000000ca600000, 0x00000000ca600000|100%| E|CS|TAMS 0x00000000ca500000, 0x00000000ca500000| Complete 
| 138|0x00000000ca600000, 0x00000000ca700000, 0x00000000ca700000|100%| E|CS|TAMS 0x00000000ca600000, 0x00000000ca600000| Complete 
| 139|0x00000000ca700000, 0x00000000ca800000, 0x00000000ca800000|100%| E|CS|TAMS 0x00000000ca700000, 0x00000000ca700000| Complete 
| 140|0x00000000ca800000, 0x00000000ca900000, 0x00000000ca900000|100%| E|CS|TAMS 0x00000000ca800000, 0x00000000ca800000| Complete 
| 141|0x00000000ca900000, 0x00000000caa00000, 0x00000000caa00000|100%| E|CS|TAMS 0x00000000ca900000, 0x00000000ca900000| Complete 
| 142|0x00000000caa00000, 0x00000000cab00000, 0x00000000cab00000|100%| E|CS|TAMS 0x00000000caa00000, 0x00000000caa00000| Complete 
| 143|0x00000000cab00000, 0x00000000cac00000, 0x00000000cac00000|100%| E|CS|TAMS 0x00000000cab00000, 0x00000000cab00000| Complete 
| 144|0x00000000cac00000, 0x00000000cad00000, 0x00000000cad00000|100%| E|CS|TAMS 0x00000000cac00000, 0x00000000cac00000| Complete 
| 145|0x00000000cad00000, 0x00000000cae00000, 0x00000000cae00000|100%| E|CS|TAMS 0x00000000cad00000, 0x00000000cad00000| Complete 
| 146|0x00000000cae00000, 0x00000000caf00000, 0x00000000caf00000|100%| E|CS|TAMS 0x00000000cae00000, 0x00000000cae00000| Complete 
| 147|0x00000000caf00000, 0x00000000cb000000, 0x00000000cb000000|100%| E|CS|TAMS 0x00000000caf00000, 0x00000000caf00000| Complete 
| 148|0x00000000cb000000, 0x00000000cb100000, 0x00000000cb100000|100%| E|CS|TAMS 0x00000000cb000000, 0x00000000cb000000| Complete 
| 149|0x00000000cb100000, 0x00000000cb200000, 0x00000000cb200000|100%| E|CS|TAMS 0x00000000cb100000, 0x00000000cb100000| Complete 
| 150|0x00000000cb200000, 0x00000000cb300000, 0x00000000cb300000|100%| E|CS|TAMS 0x00000000cb200000, 0x00000000cb200000| Complete 
| 151|0x00000000cb300000, 0x00000000cb400000, 0x00000000cb400000|100%| E|CS|TAMS 0x00000000cb300000, 0x00000000cb300000| Complete 
| 152|0x00000000cb400000, 0x00000000cb500000, 0x00000000cb500000|100%| E|CS|TAMS 0x00000000cb400000, 0x00000000cb400000| Complete 

Card table byte_map: [0x000001866dd80000,0x000001866df80000] _byte_map_base: 0x000001866d772000

Marking Bits (Prev, Next): (CMBitMap*) 0x000001865519fda0, (CMBitMap*) 0x000001865519fd60
 Prev Bits: [0x000001866f110000, 0x00000186700a0000)
 Next Bits: [0x000001866e180000, 0x000001866f110000)

Polling page: 0x00000186551f0000

Metaspace:

Usage:
  Non-class:     64.95 MB used.
      Class:     10.41 MB used.
       Both:     75.36 MB used.

Virtual space:
  Non-class space:       72.00 MB reserved,      65.25 MB ( 91%) committed,  9 nodes.
      Class space:        1.00 GB reserved,      10.69 MB (  1%) committed,  1 nodes.
             Both:        1.07 GB reserved,      75.94 MB (  7%) committed. 

Chunk freelists:
   Non-Class:  1.91 MB
       Class:  1.36 MB
        Both:  3.27 MB

MaxMetaspaceSize: unlimited
CompressedClassSpaceSize: 1.00 GB
Initial GC threshold: 21.00 MB
Current GC threshold: 98.12 MB
CDS: on
MetaspaceReclaimPolicy: balanced
 - commit_granule_bytes: 65536.
 - commit_granule_words: 8192.
 - virtual_space_node_default_size: 1048576.
 - enlarge_chunks_in_place: 1.
 - new_chunks_are_fully_committed: 0.
 - uncommit_free_chunks: 1.
 - use_allocation_guard: 0.
 - handle_deallocations: 1.


Internal statistics:

num_allocs_failed_limit: 9.
num_arena_births: 794.
num_arena_deaths: 0.
num_vsnodes_births: 10.
num_vsnodes_deaths: 0.
num_space_committed: 1215.
num_space_uncommitted: 0.
num_chunks_returned_to_freelist: 9.
num_chunks_taken_from_freelist: 3630.
num_chunk_merges: 9.
num_chunk_splits: 2648.
num_chunks_enlarged: 2118.
num_purges: 0.
num_inconsistent_stats: 0.

CodeHeap 'non-profiled nmethods': size=120000Kb used=3591Kb max_used=3591Kb free=116408Kb
 bounds [0x0000018665bf0000, 0x0000018665f80000, 0x000001866d120000]
CodeHeap 'profiled nmethods': size=120000Kb used=11555Kb max_used=11555Kb free=108444Kb
 bounds [0x000001865e6c0000, 0x000001865f210000, 0x0000018665bf0000]
CodeHeap 'non-nmethods': size=5760Kb used=1346Kb max_used=1418Kb free=4413Kb
 bounds [0x000001865e120000, 0x000001865e390000, 0x000001865e6c0000]
 total_blobs=6717 nmethods=6035 adapters=594
 compilation: enabled
              stopped_count=0, restarted_count=0
 full_count=0

Compilation events (20 events):
Event: 66.872 Thread 0x0000018672afa720 6854       3       java.util.concurrent.ScheduledThreadPoolExecutor$ScheduledFutureTask::compareTo (101 bytes)
Event: 66.873 Thread 0x0000018672afa720 nmethod 6854 0x000001865f202690 code [0x000001865f2028a0, 0x000001865f203058]
Event: 66.912 Thread 0x0000018672af9640 nmethod 6851 0x0000018665f6d690 code [0x0000018665f6d920, 0x0000018665f6f398]
Event: 67.057 Thread 0x0000018672afa720 6855   !   3       java.nio.charset.CharsetDecoder::decode (275 bytes)
Event: 67.061 Thread 0x0000018672afa720 nmethod 6855 0x000001865f203190 code [0x000001865f2034c0, 0x000001865f2049c8]
Event: 67.075 Thread 0x0000018672afa720 6856       3       java.net.URLStreamHandler::setURL (73 bytes)
Event: 67.078 Thread 0x0000018672afa720 nmethod 6856 0x000001865f205010 code [0x000001865f2052e0, 0x000001865f206158]
Event: 67.082 Thread 0x0000018672af9640 6857       4       java.lang.Boolean::valueOf (14 bytes)
Event: 67.083 Thread 0x0000018672af9640 nmethod 6857 0x0000018665f6ff10 code [0x0000018665f70080, 0x0000018665f700f8]
Event: 67.117 Thread 0x0000018672af9640 6858       4       java.util.ImmutableCollections$Set12::contains (28 bytes)
Event: 67.121 Thread 0x0000018672af9640 nmethod 6858 0x0000018665f70210 code [0x0000018665f703a0, 0x0000018665f70798]
Event: 67.134 Thread 0x0000018672afa720 6859       3       jdk.internal.org.objectweb.asm.AnnotationWriter::computeAnnotationsSize (42 bytes)
Event: 67.135 Thread 0x0000018672afa720 nmethod 6859 0x000001865f206690 code [0x000001865f206840, 0x000001865f206a88]
Event: 67.143 Thread 0x0000018672af9640 6860       4       java.lang.invoke.LambdaForm$Name::useCount (51 bytes)
Event: 67.146 Thread 0x0000018672af9640 nmethod 6860 0x0000018665f70890 code [0x0000018665f70a00, 0x0000018665f70b78]
Event: 67.147 Thread 0x0000018672af9640 6861       4       java.lang.invoke.MethodHandle::intrinsicName (4 bytes)
Event: 67.147 Thread 0x0000018672af9640 nmethod 6861 0x0000018665f70c90 code [0x0000018665f70e00, 0x0000018665f70e78]
Event: 67.147 Thread 0x0000018672afa720 6862       3       java.lang.invoke.LambdaFormBuffer::insertExpression (30 bytes)
Event: 67.147 Thread 0x0000018672afa720 nmethod 6862 0x000001865f206c10 code [0x000001865f206dc0, 0x000001865f206f28]
Event: 67.148 Thread 0x0000018672af9640 6863       4       java.lang.invoke.LambdaForm$Name::replaceNames (175 bytes)

GC Heap History (20 events):
Event: 9.411 GC heap before
{Heap before GC invocations=10 (full 0):
 garbage-first heap   total 123904K, used 86012K [0x00000000c1c00000, 0x0000000100000000)
  region size 1024K, 72 young (73728K), 2 survivors (2048K)
 Metaspace       used 28686K, committed 28928K, reserved 1081344K
  class space    used 3731K, committed 3840K, reserved 1048576K
}
Event: 9.421 GC heap after
{Heap after GC invocations=11 (full 0):
 garbage-first heap   total 123904K, used 18837K [0x00000000c1c00000, 0x0000000100000000)
  region size 1024K, 6 young (6144K), 6 survivors (6144K)
 Metaspace       used 28686K, committed 28928K, reserved 1081344K
  class space    used 3731K, committed 3840K, reserved 1048576K
}
Event: 11.920 GC heap before
{Heap before GC invocations=11 (full 0):
 garbage-first heap   total 123904K, used 70037K [0x00000000c1c00000, 0x0000000100000000)
  region size 1024K, 57 young (58368K), 6 survivors (6144K)
 Metaspace       used 35629K, committed 35968K, reserved 1081344K
  class space    used 4751K, committed 4928K, reserved 1048576K
}
Event: 11.935 GC heap after
{Heap after GC invocations=12 (full 0):
 garbage-first heap   total 123904K, used 22743K [0x00000000c1c00000, 0x0000000100000000)
  region size 1024K, 8 young (8192K), 8 survivors (8192K)
 Metaspace       used 35629K, committed 35968K, reserved 1081344K
  class space    used 4751K, committed 4928K, reserved 1048576K
}
Event: 13.602 GC heap before
{Heap before GC invocations=13 (full 0):
 garbage-first heap   total 81920K, used 63703K [0x00000000c1c00000, 0x0000000100000000)
  region size 1024K, 48 young (49152K), 8 survivors (8192K)
 Metaspace       used 42243K, committed 42752K, reserved 1089536K
  class space    used 5580K, committed 5824K, reserved 1048576K
}
Event: 13.621 GC heap after
{Heap after GC invocations=14 (full 0):
 garbage-first heap   total 81920K, used 24578K [0x00000000c1c00000, 0x0000000100000000)
  region size 1024K, 3 young (3072K), 3 survivors (3072K)
 Metaspace       used 42243K, committed 42752K, reserved 1089536K
  class space    used 5580K, committed 5824K, reserved 1048576K
}
Event: 14.502 GC heap before
{Heap before GC invocations=14 (full 0):
 garbage-first heap   total 81920K, used 63490K [0x00000000c1c00000, 0x0000000100000000)
  region size 1024K, 41 young (41984K), 3 survivors (3072K)
 Metaspace       used 49914K, committed 50432K, reserved 1097728K
  class space    used 6741K, committed 6976K, reserved 1048576K
}
Event: 14.511 GC heap after
{Heap after GC invocations=15 (full 0):
 garbage-first heap   total 81920K, used 26114K [0x00000000c1c00000, 0x0000000100000000)
  region size 1024K, 4 young (4096K), 4 survivors (4096K)
 Metaspace       used 49914K, committed 50432K, reserved 1097728K
  class space    used 6741K, committed 6976K, reserved 1048576K
}
Event: 15.406 GC heap before
{Heap before GC invocations=15 (full 0):
 garbage-first heap   total 81920K, used 65026K [0x00000000c1c00000, 0x0000000100000000)
  region size 1024K, 42 young (43008K), 4 survivors (4096K)
 Metaspace       used 57983K, committed 58432K, reserved 1105920K
  class space    used 8035K, committed 8256K, reserved 1048576K
}
Event: 15.416 GC heap after
{Heap after GC invocations=16 (full 0):
 garbage-first heap   total 81920K, used 27212K [0x00000000c1c00000, 0x0000000100000000)
  region size 1024K, 3 young (3072K), 3 survivors (3072K)
 Metaspace       used 57983K, committed 58432K, reserved 1105920K
  class space    used 8035K, committed 8256K, reserved 1048576K
}
Event: 15.677 GC heap before
{Heap before GC invocations=16 (full 0):
 garbage-first heap   total 81920K, used 35404K [0x00000000c1c00000, 0x0000000100000000)
  region size 1024K, 12 young (12288K), 3 survivors (3072K)
 Metaspace       used 59665K, committed 60160K, reserved 1105920K
  class space    used 8269K, committed 8512K, reserved 1048576K
}
Event: 15.687 GC heap after
{Heap after GC invocations=17 (full 0):
 garbage-first heap   total 81920K, used 27499K [0x00000000c1c00000, 0x0000000100000000)
  region size 1024K, 3 young (3072K), 3 survivors (3072K)
 Metaspace       used 59665K, committed 60160K, reserved 1105920K
  class space    used 8269K, committed 8512K, reserved 1048576K
}
Event: 16.359 GC heap before
{Heap before GC invocations=18 (full 0):
 garbage-first heap   total 81920K, used 67435K [0x00000000c1c00000, 0x0000000100000000)
  region size 1024K, 42 young (43008K), 3 survivors (3072K)
 Metaspace       used 64860K, committed 65408K, reserved 1105920K
  class space    used 9082K, committed 9344K, reserved 1048576K
}
Event: 16.372 GC heap after
{Heap after GC invocations=19 (full 0):
 garbage-first heap   total 81920K, used 30124K [0x00000000c1c00000, 0x0000000100000000)
  region size 1024K, 6 young (6144K), 6 survivors (6144K)
 Metaspace       used 64860K, committed 65408K, reserved 1105920K
  class space    used 9082K, committed 9344K, reserved 1048576K
}
Event: 17.128 GC heap before
{Heap before GC invocations=19 (full 0):
 garbage-first heap   total 81920K, used 65964K [0x00000000c1c00000, 0x0000000100000000)
  region size 1024K, 41 young (41984K), 6 survivors (6144K)
 Metaspace       used 69214K, committed 69760K, reserved 1114112K
  class space    used 9640K, committed 9920K, reserved 1048576K
}
Event: 17.135 GC heap after
{Heap after GC invocations=20 (full 0):
 garbage-first heap   total 81920K, used 32946K [0x00000000c1c00000, 0x0000000100000000)
  region size 1024K, 6 young (6144K), 6 survivors (6144K)
 Metaspace       used 69214K, committed 69760K, reserved 1114112K
  class space    used 9640K, committed 9920K, reserved 1048576K
}
Event: 17.692 GC heap before
{Heap before GC invocations=20 (full 0):
 garbage-first heap   total 81920K, used 66738K [0x00000000c1c00000, 0x0000000100000000)
  region size 1024K, 39 young (39936K), 6 survivors (6144K)
 Metaspace       used 71131K, committed 71680K, reserved 1114112K
  class space    used 9866K, committed 10112K, reserved 1048576K
}
Event: 17.700 GC heap after
{Heap after GC invocations=21 (full 0):
 garbage-first heap   total 81920K, used 34984K [0x00000000c1c00000, 0x0000000100000000)
  region size 1024K, 5 young (5120K), 5 survivors (5120K)
 Metaspace       used 71131K, committed 71680K, reserved 1114112K
  class space    used 9866K, committed 10112K, reserved 1048576K
}
Event: 18.480 GC heap before
{Heap before GC invocations=21 (full 0):
 garbage-first heap   total 81920K, used 65704K [0x00000000c1c00000, 0x0000000100000000)
  region size 1024K, 35 young (35840K), 5 survivors (5120K)
 Metaspace       used 73800K, committed 74304K, reserved 1114112K
  class space    used 10250K, committed 10496K, reserved 1048576K
}
Event: 18.488 GC heap after
{Heap after GC invocations=22 (full 0):
 garbage-first heap   total 156672K, used 36668K [0x00000000c1c00000, 0x0000000100000000)
  region size 1024K, 4 young (4096K), 4 survivors (4096K)
 Metaspace       used 73800K, committed 74304K, reserved 1114112K
  class space    used 10250K, committed 10496K, reserved 1048576K
}

Deoptimization events (20 events):
Event: 18.504 Thread 0x00000186551710b0 DEOPT PACKING pc=0x0000018665e5e23c sp=0x000000357c7fe940
Event: 18.504 Thread 0x00000186551710b0 DEOPT UNPACKING pc=0x000001865e1723a3 sp=0x000000357c7fe8b8 mode 2
Event: 18.504 Thread 0x00000186551710b0 Uncommon trap: trap_request=0xffffff45 fr.pc=0x0000018665e5e23c relative=0x000000000000011c
Event: 18.504 Thread 0x00000186551710b0 Uncommon trap: reason=unstable_if action=reinterpret pc=0x0000018665e5e23c method=java.util.Arrays.hashCode([Ljava/lang/Object;)I @ 34 c2
Event: 18.504 Thread 0x00000186551710b0 DEOPT PACKING pc=0x0000018665e5e23c sp=0x000000357c7fea30
Event: 18.504 Thread 0x00000186551710b0 DEOPT UNPACKING pc=0x000001865e1723a3 sp=0x000000357c7fe9a8 mode 2
Event: 18.547 Thread 0x00000186551710b0 Uncommon trap: trap_request=0xffffffde fr.pc=0x0000018665edeb88 relative=0x0000000000000168
Event: 18.547 Thread 0x00000186551710b0 Uncommon trap: reason=class_check action=maybe_recompile pc=0x0000018665edeb88 method=java.lang.reflect.Method.equals(Ljava/lang/Object;)Z @ 1 c2
Event: 18.547 Thread 0x00000186551710b0 DEOPT PACKING pc=0x0000018665edeb88 sp=0x000000357c7fe330
Event: 18.547 Thread 0x00000186551710b0 DEOPT UNPACKING pc=0x000001865e1723a3 sp=0x000000357c7fe2b8 mode 2
Event: 18.609 Thread 0x00000186551710b0 Uncommon trap: trap_request=0xffffff54 fr.pc=0x0000018665cda9fc relative=0x000000000000033c
Event: 18.609 Thread 0x00000186551710b0 Uncommon trap: reason=speculate_null_assert action=make_not_entrant pc=0x0000018665cda9fc method=org.springframework.util.ConcurrentReferenceHashMap$Segment.restructureIfNecessary(Z)V @ 41 c2
Event: 18.609 Thread 0x00000186551710b0 DEOPT PACKING pc=0x0000018665cda9fc sp=0x000000357c7fb6e0
Event: 18.609 Thread 0x00000186551710b0 DEOPT UNPACKING pc=0x000001865e1723a3 sp=0x000000357c7fb698 mode 2
Event: 18.819 Thread 0x00000186551710b0 Uncommon trap: trap_request=0xffffff45 fr.pc=0x0000018665e317b8 relative=0x0000000000000b38
Event: 18.819 Thread 0x00000186551710b0 Uncommon trap: reason=unstable_if action=reinterpret pc=0x0000018665e317b8 method=org.springframework.beans.factory.support.DefaultSingletonBeanRegistry.getSingleton(Ljava/lang/String;Z)Ljava/lang/Object; @ 39 c2
Event: 18.819 Thread 0x00000186551710b0 DEOPT PACKING pc=0x0000018665e317b8 sp=0x000000357c7fe310
Event: 18.819 Thread 0x00000186551710b0 DEOPT UNPACKING pc=0x000001865e1723a3 sp=0x000000357c7fe298 mode 2
Event: 19.216 Thread 0x00000186551710b0 DEOPT PACKING pc=0x000001865f1f4b46 sp=0x000000357c7fed70
Event: 19.216 Thread 0x00000186551710b0 DEOPT UNPACKING pc=0x000001865e172b43 sp=0x000000357c7fe248 mode 0

Classes unloaded (0 events):
No events

Classes redefined (0 events):
No events

Internal exceptions (20 events):
Event: 17.203 Thread 0x00000186551710b0 Exception <a 'java/lang/reflect/InvocationTargetException'{0x00000000c67bd0b0}> (0x00000000c67bd0b0) 
thrown [t:\workspace\open\src\hotspot\share\runtime\reflection.cpp, line 1121]
Event: 17.205 Thread 0x00000186551710b0 Exception <a 'java/lang/reflect/InvocationTargetException'{0x00000000c67caa78}> (0x00000000c67caa78) 
thrown [t:\workspace\open\src\hotspot\share\runtime\reflection.cpp, line 1121]
Event: 17.267 Thread 0x00000186551710b0 Exception <a 'java/lang/reflect/InvocationTargetException'{0x00000000c63b0f58}> (0x00000000c63b0f58) 
thrown [t:\workspace\open\src\hotspot\share\runtime\reflection.cpp, line 1121]
Event: 17.268 Thread 0x00000186551710b0 Exception <a 'java/lang/reflect/InvocationTargetException'{0x00000000c63be418}> (0x00000000c63be418) 
thrown [t:\workspace\open\src\hotspot\share\runtime\reflection.cpp, line 1121]
Event: 17.269 Thread 0x00000186551710b0 Exception <a 'java/lang/reflect/InvocationTargetException'{0x00000000c63cba00}> (0x00000000c63cba00) 
thrown [t:\workspace\open\src\hotspot\share\runtime\reflection.cpp, line 1121]
Event: 17.784 Thread 0x00000186551710b0 Exception <a 'java/lang/NoSuchMethodError'{0x00000000c68f2778}: 'void java.lang.invoke.DirectMethodHandle$Holder.invokeVirtual(java.lang.Object, java.lang.Object, java.lang.Object, java.lang.Object)'> (0x00000000c68f2778) 
thrown [t:\workspace\open\src\hotspot\share\interpreter\linkResolver.cpp, line 766]
Event: 17.825 Thread 0x00000186551710b0 Exception <a 'sun/nio/fs/WindowsException'{0x00000000c67e2a78}> (0x00000000c67e2a78) 
thrown [t:\workspace\open\src\hotspot\share\prims\jni.cpp, line 516]
Event: 18.303 Thread 0x00000186551710b0 Exception <a 'java/lang/IncompatibleClassChangeError'{0x00000000c564d490}: Found class java.lang.Object, but interface was expected> (0x00000000c564d490) 
thrown [t:\workspace\open\src\hotspot\share\interpreter\linkResolver.cpp, line 833]
Event: 18.504 Thread 0x00000186551710b0 Implicit null exception at 0x0000018665e5e16c to 0x0000018665e5e220
Event: 18.504 Thread 0x00000186551710b0 Implicit null exception at 0x0000018665e5e16c to 0x0000018665e5e220
Event: 18.534 Thread 0x00000186551710b0 Exception <a 'java/lang/NoSuchMethodError'{0x00000000cb2b64b8}: 'java.lang.Object java.lang.invoke.DirectMethodHandle$Holder.invokeInterface(java.lang.Object, java.lang.Object, java.lang.Object, java.lang.Object)'> (0x00000000cb2b64b8) 
thrown [t:\workspace\open\src\hotspot\share\interpreter\linkResolver.cpp, line 766]
Event: 18.628 Thread 0x00000186551710b0 Exception <a 'java/lang/NoSuchMethodError'{0x00000000cac14688}: 'void java.lang.invoke.DirectMethodHandle$Holder.invokeVirtual(java.lang.Object, java.lang.Object, long)'> (0x00000000cac14688) 
thrown [t:\workspace\open\src\hotspot\share\interpreter\linkResolver.cpp, line 766]
Event: 18.806 Thread 0x00000186551710b0 Exception <a 'java/lang/NoSuchMethodError'{0x00000000ca602810}: 'int java.lang.invoke.DirectMethodHandle$Holder.invokeStaticInit(java.lang.Object, java.lang.Object, java.lang.Object, java.lang.Object)'> (0x00000000ca602810) 
thrown [t:\workspace\open\src\hotspot\share\interpreter\linkResolver.cpp, line 766]
Event: 19.020 Thread 0x00000186551710b0 Exception <a 'java/lang/IncompatibleClassChangeError'{0x00000000c9c9e7d0}: Found class java.lang.Object, but interface was expected> (0x00000000c9c9e7d0) 
thrown [t:\workspace\open\src\hotspot\share\interpreter\linkResolver.cpp, line 833]
Event: 19.154 Thread 0x00000186551710b0 Exception <a 'java/lang/NoSuchMethodError'{0x00000000c8fe2390}: 'java.lang.Object java.lang.invoke.DirectMethodHandle$Holder.newInvokeSpecial(java.lang.Object, java.lang.Object, int, java.lang.Object, java.lang.Object)'> (0x00000000c8fe2390) 
thrown [t:\workspace\open\src\hotspot\share\interpreter\linkResolver.cpp, line 766]
Event: 19.155 Thread 0x00000186551710b0 Exception <a 'java/lang/NoSuchMethodError'{0x00000000c8fed9f8}: 'java.lang.Object java.lang.invoke.DirectMethodHandle$Holder.invokeSpecial(java.lang.Object, java.lang.Object, int, java.lang.Object, int, java.lang.Object)'> (0x00000000c8fed9f8) 
thrown [t:\workspace\open\src\hotspot\share\interpreter\linkResolver.cpp, line 766]
Event: 19.155 Thread 0x00000186551710b0 Exception <a 'java/lang/NoSuchMethodError'{0x00000000c8ff5800}: 'java.lang.Object java.lang.invoke.DirectMethodHandle$Holder.newInvokeSpecial(java.lang.Object, java.lang.Object, int, java.lang.Object, int)'> (0x00000000c8ff5800) 
thrown [t:\workspace\open\src\hotspot\share\interpreter\linkResolver.cpp, line 766]
Event: 19.155 Thread 0x00000186551710b0 Exception <a 'java/lang/NoSuchMethodError'{0x00000000c8ff9900}: 'java.lang.Object java.lang.invoke.DirectMethodHandle$Holder.invokeSpecial(java.lang.Object, java.lang.Object, java.lang.Object, int, java.lang.Object, int)'> (0x00000000c8ff9900) 
thrown [t:\workspace\open\src\hotspot\share\interpreter\linkResolver.cpp, line 766]
Event: 67.158 Thread 0x0000018677bef0a0 Exception <a 'java/lang/NoSuchMethodError'{0x00000000c8631120}: 'java.lang.Object java.lang.invoke.DirectMethodHandle$Holder.invokeSpecial(java.lang.Object, java.lang.Object, java.lang.Object, java.lang.Object, java.lang.Object, long)'> (0x00000000c8631120) 
thrown [t:\workspace\open\src\hotspot\share\interpreter\linkResolver.cpp, line 766]
Event: 67.158 Thread 0x0000018677bef0a0 Exception <a 'java/lang/NoSuchMethodError'{0x00000000c8634b60}: 'java.lang.Object java.lang.invoke.Invokers$Holder.linkToTargetMethod(java.lang.Object, java.lang.Object, java.lang.Object, long, java.lang.Object)'> (0x00000000c8634b60) 
thrown [t:\workspace\open\src\hotspot\share\interpreter\linkResolver.cpp, line 766]

VM Operations (20 events):
Event: 17.827 Executing VM operation: HandshakeAllThreads
Event: 17.827 Executing VM operation: HandshakeAllThreads done
Event: 17.835 Executing VM operation: HandshakeAllThreads
Event: 17.835 Executing VM operation: HandshakeAllThreads done
Event: 18.043 Executing VM operation: HandshakeAllThreads
Event: 18.043 Executing VM operation: HandshakeAllThreads done
Event: 18.119 Executing VM operation: HandshakeAllThreads
Event: 18.119 Executing VM operation: HandshakeAllThreads done
Event: 18.120 Executing VM operation: HandshakeAllThreads
Event: 18.120 Executing VM operation: HandshakeAllThreads done
Event: 18.480 Executing VM operation: G1CollectForAllocation
Event: 18.488 Executing VM operation: G1CollectForAllocation done
Event: 18.680 Executing VM operation: HandshakeAllThreads
Event: 18.680 Executing VM operation: HandshakeAllThreads done
Event: 19.689 Executing VM operation: Cleanup
Event: 19.689 Executing VM operation: Cleanup done
Event: 27.743 Executing VM operation: Cleanup
Event: 27.743 Executing VM operation: Cleanup done
Event: 58.948 Executing VM operation: Cleanup
Event: 58.948 Executing VM operation: Cleanup done

Events (20 events):
Event: 66.756 loading class sun/nio/ch/SocketAdaptor
Event: 66.772 loading class sun/nio/ch/SocketAdaptor done
Event: 66.806 loading class sun/nio/ch/SocketChannelImpl$DefaultOptionsHolder
Event: 66.807 loading class sun/nio/ch/SocketChannelImpl$DefaultOptionsHolder done
Event: 66.822 loading class sun/nio/ch/SelectionKeyImpl
Event: 66.826 loading class java/nio/channels/spi/AbstractSelectionKey
Event: 66.827 loading class java/nio/channels/SelectionKey
Event: 66.828 loading class java/nio/channels/SelectionKey done
Event: 66.828 loading class java/nio/channels/spi/AbstractSelectionKey done
Event: 66.828 loading class sun/nio/ch/SelectionKeyImpl done
Event: 66.832 loading class java/lang/invoke/ConstantBootstraps
Event: 66.837 loading class java/lang/invoke/ConstantBootstraps done
Event: 67.194 loading class sun/nio/cs/ThreadLocalCoders
Event: 67.194 loading class sun/nio/cs/ThreadLocalCoders done
Event: 67.194 loading class sun/nio/cs/ThreadLocalCoders$1
Event: 67.195 loading class sun/nio/cs/ThreadLocalCoders$Cache
Event: 67.196 loading class sun/nio/cs/ThreadLocalCoders$Cache done
Event: 67.196 loading class sun/nio/cs/ThreadLocalCoders$1 done
Event: 67.196 loading class sun/nio/cs/ThreadLocalCoders$2
Event: 67.196 loading class sun/nio/cs/ThreadLocalCoders$2 done


Dynamic libraries:
0x00007ff7e4790000 - 0x00007ff7e47a0000 	C:\Program Files\Java\jdk-17\bin\java.exe
0x00007ffbd5170000 - 0x00007ffbd5387000 	C:\WINDOWS\SYSTEM32\ntdll.dll
0x00007ffbd3d90000 - 0x00007ffbd3e54000 	C:\WINDOWS\System32\KERNEL32.DLL
0x00007ffbd2950000 - 0x00007ffbd2cf7000 	C:\WINDOWS\System32\KERNELBASE.dll
0x00000000513f0000 - 0x0000000051722000 	C:\Program Files\Norton Security\NortonData\22.23.3.8\Definitions\IPSDefs\20240607.064\IPSEng64.dll
0x00007ffbd3230000 - 0x00007ffbd32e2000 	C:\WINDOWS\System32\ADVAPI32.dll
0x00007ffbd32f0000 - 0x00007ffbd3397000 	C:\WINDOWS\System32\msvcrt.dll
0x00007ffbd3ca0000 - 0x00007ffbd3d48000 	C:\WINDOWS\System32\sechost.dll
0x00007ffbd2800000 - 0x00007ffbd2828000 	C:\WINDOWS\System32\bcrypt.dll
0x00007ffbd33d0000 - 0x00007ffbd34e5000 	C:\WINDOWS\System32\RPCRT4.dll
0x00007ffbd2f70000 - 0x00007ffbd2f78000 	C:\WINDOWS\System32\PSAPI.DLL
0x00007ffbd2830000 - 0x00007ffbd2941000 	C:\WINDOWS\System32\ucrtbase.dll
0x00007ffbcd940000 - 0x00007ffbcd958000 	C:\Program Files\Java\jdk-17\bin\jli.dll
0x00007ffbae800000 - 0x00007ffbae81a000 	C:\Program Files\Java\jdk-17\bin\VCRUNTIME140.dll
0x00007ffbd35d0000 - 0x00007ffbd377e000 	C:\WINDOWS\System32\USER32.dll
0x00007ffbd2d00000 - 0x00007ffbd2d26000 	C:\WINDOWS\System32\win32u.dll
0x00007ffbd33a0000 - 0x00007ffbd33c9000 	C:\WINDOWS\System32\GDI32.dll
0x00007ffbd2490000 - 0x00007ffbd25a9000 	C:\WINDOWS\System32\gdi32full.dll
0x00007ffbd26e0000 - 0x00007ffbd277a000 	C:\WINDOWS\System32\msvcp_win.dll
0x00007ffbbb940000 - 0x00007ffbbbbd3000 	C:\WINDOWS\WinSxS\amd64_microsoft.windows.common-controls_6595b64144ccf1df_6.0.22621.3527_none_270e469b73872a76\COMCTL32.dll
0x00007ffbcafb0000 - 0x00007ffbcafba000 	C:\WINDOWS\SYSTEM32\VERSION.dll
0x00007ffbd3d50000 - 0x00007ffbd3d81000 	C:\WINDOWS\System32\IMM32.DLL
0x00007ffbcd980000 - 0x00007ffbcd98c000 	C:\Program Files\Java\jdk-17\bin\vcruntime140_1.dll
0x00007ffb71090000 - 0x00007ffb7111d000 	C:\Program Files\Java\jdk-17\bin\msvcp140.dll
0x00007ffb5bd60000 - 0x00007ffb5c91e000 	C:\Program Files\Java\jdk-17\bin\server\jvm.dll
0x00007ffb92150000 - 0x00007ffb92159000 	C:\WINDOWS\SYSTEM32\WSOCK32.dll
0x00007ffbcc000000 - 0x00007ffbcc034000 	C:\WINDOWS\SYSTEM32\WINMM.dll
0x00007ffbd3150000 - 0x00007ffbd31c1000 	C:\WINDOWS\System32\WS2_32.dll
0x00007ffbd1470000 - 0x00007ffbd1488000 	C:\WINDOWS\SYSTEM32\kernel.appcore.dll
0x00007ffbcc090000 - 0x00007ffbcc09a000 	C:\Program Files\Java\jdk-17\bin\jimage.dll
0x00007ffbcfbd0000 - 0x00007ffbcfe02000 	C:\WINDOWS\SYSTEM32\DBGHELP.DLL
0x00007ffbd4820000 - 0x00007ffbd4ba8000 	C:\WINDOWS\System32\combase.dll
0x00007ffbd34f0000 - 0x00007ffbd35c7000 	C:\WINDOWS\System32\OLEAUT32.dll
0x00007ffbaf5e0000 - 0x00007ffbaf612000 	C:\WINDOWS\SYSTEM32\dbgcore.DLL
0x00007ffbd2780000 - 0x00007ffbd27f9000 	C:\WINDOWS\System32\bcryptPrimitives.dll
0x00007ffbbc330000 - 0x00007ffbbc33e000 	C:\Program Files\Java\jdk-17\bin\instrument.dll
0x00007ffb7b910000 - 0x00007ffb7b935000 	C:\Program Files\Java\jdk-17\bin\java.dll
0x00007ffb5bc80000 - 0x00007ffb5bd56000 	C:\Program Files\Java\jdk-17\bin\svml.dll
0x00007ffbd3f30000 - 0x00007ffbd478c000 	C:\WINDOWS\System32\SHELL32.dll
0x00007ffbd0350000 - 0x00007ffbd0c46000 	C:\WINDOWS\SYSTEM32\windows.storage.dll
0x00007ffbd0210000 - 0x00007ffbd034e000 	C:\WINDOWS\SYSTEM32\wintypes.dll
0x00007ffbd3ba0000 - 0x00007ffbd3c95000 	C:\WINDOWS\System32\SHCORE.dll
0x00007ffbd31d0000 - 0x00007ffbd322e000 	C:\WINDOWS\System32\shlwapi.dll
0x00007ffbd23c0000 - 0x00007ffbd23e1000 	C:\WINDOWS\SYSTEM32\profapi.dll
0x00007ffb92070000 - 0x00007ffb92088000 	C:\Program Files\Java\jdk-17\bin\zip.dll
0x00007ffbae7e0000 - 0x00007ffbae7f9000 	C:\Program Files\Java\jdk-17\bin\net.dll
0x00007ffbcbb50000 - 0x00007ffbcbc86000 	C:\WINDOWS\SYSTEM32\WINHTTP.dll
0x00007ffbd18e0000 - 0x00007ffbd1949000 	C:\WINDOWS\system32\mswsock.dll
0x00007ffb94d40000 - 0x00007ffb94d55000 	C:\Program Files\Java\jdk-17\bin\nio.dll
0x00007ffb7cd00000 - 0x00007ffb7cd1a000 	C:\Program Files\JetBrains\IntelliJ IDEA Community Edition 2023.3.3\bin\breakgen64.dll
0x00007ffbca2d0000 - 0x00007ffbca2de000 	C:\Program Files\Java\jdk-17\bin\sunmscapi.dll
0x00007ffbd2d30000 - 0x00007ffbd2e98000 	C:\WINDOWS\System32\CRYPT32.dll
0x00007ffbd1e10000 - 0x00007ffbd1e3e000 	C:\WINDOWS\SYSTEM32\ncrypt.dll
0x00007ffbd1dd0000 - 0x00007ffbd1e07000 	C:\WINDOWS\SYSTEM32\NTASN1.dll
0x00007ffbd1b80000 - 0x00007ffbd1b9b000 	C:\WINDOWS\SYSTEM32\CRYPTSP.dll
0x00007ffbd13d0000 - 0x00007ffbd1405000 	C:\WINDOWS\system32\rsaenh.dll
0x00007ffbd1a10000 - 0x00007ffbd1a38000 	C:\WINDOWS\SYSTEM32\USERENV.dll
0x00007ffbd1ba0000 - 0x00007ffbd1bac000 	C:\WINDOWS\SYSTEM32\CRYPTBASE.dll
0x00007ffbd0eb0000 - 0x00007ffbd0edd000 	C:\WINDOWS\SYSTEM32\IPHLPAPI.DLL
0x00007ffbd30e0000 - 0x00007ffbd30e9000 	C:\WINDOWS\System32\NSI.dll
0x00007ffbcbb30000 - 0x00007ffbcbb49000 	C:\WINDOWS\SYSTEM32\dhcpcsvc6.DLL
0x00007ffbcbb10000 - 0x00007ffbcbb2f000 	C:\WINDOWS\SYSTEM32\dhcpcsvc.DLL
0x00007ffbd0f20000 - 0x00007ffbd1018000 	C:\WINDOWS\SYSTEM32\DNSAPI.dll
0x00007ffbcb540000 - 0x00007ffbcb549000 	C:\Program Files\Java\jdk-17\bin\management.dll
0x00007ffbca430000 - 0x00007ffbca43b000 	C:\Program Files\Java\jdk-17\bin\management_ext.dll
0x00007ffbc7f90000 - 0x00007ffbc7f9a000 	C:\Windows\System32\rasadhlp.dll
0x00007ffbcad40000 - 0x00007ffbcadc3000 	C:\WINDOWS\System32\fwpuclnt.dll
0x00007ffbbc0e0000 - 0x00007ffbbc0f0000 	C:\Program Files\Java\jdk-17\bin\verify.dll
0x00007ffb91370000 - 0x00007ffb91378000 	C:\WINDOWS\system32\wshunix.dll

dbghelp: loaded successfully - version: 4.0.5 - missing functions: none
symbol engine: initialized successfully - sym options: 0x614 - pdb path: .;C:\Program Files\Java\jdk-17\bin;C:\WINDOWS\SYSTEM32;C:\Program Files\Norton Security\NortonData\22.23.3.8\Definitions\IPSDefs\20240607.064;C:\WINDOWS\WinSxS\amd64_microsoft.windows.common-controls_6595b64144ccf1df_6.0.22621.3527_none_270e469b73872a76;C:\Program Files\Java\jdk-17\bin\server;C:\Program Files\JetBrains\IntelliJ IDEA Community Edition 2023.3.3\bin

VM Arguments:
jvm_args: -javaagent:C:\Program Files\JetBrains\IntelliJ IDEA Community Edition 2023.3.3\lib\idea_rt.jar=7831:C:\Program Files\JetBrains\IntelliJ IDEA Community Edition 2023.3.3\bin -Dfile.encoding=UTF-8 
java_command: com.zerobase.tabling.TablingApplication
java_class_path (initial): D:\\\tablingService\tabling\out\production\classes;D:\\\tablingService\tabling\out\production\resources;C:\Users\owo_9\.gradle\caches\modules-2\files-2.1\org.springframework.boot\spring-boot-starter-data-jpa\3.2.5\99c1272c135f1c44b0c94ed0b65dca9b201323b7\spring-boot-starter-data-jpa-3.2.5.jar;C:\Users\owo_9\.gradle\caches\modules-2\files-2.1\org.springframework.boot\spring-boot-starter-security\3.2.5\8ce0f176dfcf9a0b3b5d76babd971057f009961d\spring-boot-starter-security-3.2.5.jar;C:\Users\owo_9\.gradle\caches\modules-2\files-2.1\org.springframework.boot\spring-boot-starter-web\3.2.5\664d75553c6af42122d4db645f4924a95084e382\spring-boot-starter-web-3.2.5.jar;C:\Users\owo_9\.gradle\caches\modules-2\files-2.1\org.springframework.boot\spring-boot-starter-data-redis\3.2.5\5c28002231949d324d5c5a06e0a1768103b3075f\spring-boot-starter-data-redis-3.2.5.jar;C:\Users\owo_9\.gradle\caches\modules-2\files-2.1\org.springframework.boot\spring-boot-starter-validation\3.2.5\3757dceb20eca3880ee1fb5f07159e42c7f7405\spring-boot-starter-validation-3.2.5.jar;C:\Users\owo_9\.gradle\caches\modules-2\files-2.1\jakarta.annotation\jakarta.annotation-api\2.1.1\48b9bda22b091b1f48b13af03fe36db3be6e1ae3\jakarta.annotation-api-2.1.1.jar;C:\Users\owo_9\.gradle\caches\modules-2\files-2.1\jakarta.persistence\jakarta.persistence-api\3.1.0\66901fa1c373c6aff65c13791cc11da72060a8d6\jakarta.persistence-api-3.1.0.jar;C:\Users\owo_9\.gradle\caches\modules-2\files-2.1\io.jsonwebtoken\jjwt-api\0.11.5\f742940045619d06383e7df37b21ac422b476cf1\jjwt-api-0.11.5.jar;C:\Users\owo_9\.gradle\caches\modules-2\files-2.1\com.querydsl\querydsl-jpa\5.0.0\2a653852848dee41b967d3520be3339f0f92f1ea\querydsl-jpa-5.0.0-jakarta.jar;C:\Users\owo_9\.gradle\caches\modules-2\files-2.1\org.springdoc\springdoc-openapi-starter-webmvc-ui\2.3.0\b4af31e9d40539c94f8debbf760134d961333c24\springdoc-openapi-starter-webmvc-ui-2.3.0.jar;C:\Users\owo_9\.gradle\caches\modules-2\files-2.1\org.s
Launcher Type: SUN_STANDARD

[Global flags]
     intx CICompilerCount                          = 4                                         {product} {ergonomic}
     uint ConcGCThreads                            = 2                                         {product} {ergonomic}
     uint G1ConcRefinementThreads                  = 8                                         {product} {ergonomic}
   size_t G1HeapRegionSize                         = 1048576                                   {product} {ergonomic}
    uintx GCDrainStackTargetSize                   = 64                                        {product} {ergonomic}
   size_t InitialHeapSize                          = 67108864                                  {product} {ergonomic}
   size_t MarkStackSize                            = 4194304                                   {product} {ergonomic}
   size_t MaxHeapSize                              = 1044381696                                {product} {ergonomic}
   size_t MaxNewSize                               = 625999872                                 {product} {ergonomic}
   size_t MinHeapDeltaBytes                        = 1048576                                   {product} {ergonomic}
   size_t MinHeapSize                              = 8388608                                   {product} {ergonomic}
    uintx NonNMethodCodeHeapSize                   = 5839372                                {pd product} {ergonomic}
    uintx NonProfiledCodeHeapSize                  = 122909434                              {pd product} {ergonomic}
    uintx ProfiledCodeHeapSize                     = 122909434                              {pd product} {ergonomic}
    uintx ReservedCodeCacheSize                    = 251658240                              {pd product} {ergonomic}
     bool SegmentedCodeCache                       = true                                      {product} {ergonomic}
   size_t SoftMaxHeapSize                          = 1044381696                             {manageable} {ergonomic}
     bool UseCompressedClassPointers               = true                           {product lp64_product} {ergonomic}
     bool UseCompressedOops                        = true                           {product lp64_product} {ergonomic}
     bool UseG1GC                                  = true                                      {product} {ergonomic}
     bool UseLargePagesIndividualAllocation        = false                                  {pd product} {ergonomic}

Logging:
Log output configuration:
 #0: stdout all=warning uptime,level,tags
 #1: stderr all=off uptime,level,tags

Environment Variables:
JAVA_HOME=C:\Program Files\Java\jdk-17
CLASSPATH=C:\Program Files\Java\jdk-17\lib
PATH=C:\Program Files\Common Files\Oracle\Java\javapath;C:\WINDOWS\system32;C:\WINDOWS;C:\WINDOWS\System32\Wbem;C:\WINDOWS\System32\WindowsPowerShell\v1.0\;C:\WINDOWS\System32\OpenSSH\;C:\Program Files (x86)\QuickTime\QTSystem\;C:\Program Files (x86)\Microsoft SQL Server\150\DTS\Binn\;C:\Program Files\Azure Data Studio\bin;C:\Program Files\dotnet\;C:\sds\apache-maven-3.8.1\bin;C:\Program Files\nodejs\;C:\Program Files\Microsoft SQL Server\130\Tools\Binn\;C:\Program Files\Microsoft SQL Server\Client SDK\ODBC\170\Tools\Binn\;C:\Program Files\Java\jdk-17\bin;D:\\;C:\;ev\git\bin;C:\Program Files\NVIDIA Corporation\NVIDIA NvDLISR;C:\Program Files (x86)\NVIDIA Corporation\PhysX\Common;C:\Program Files\Docker\Docker\resources\bin;C:\Program Files\Java\jdk-11.0.1\bin;C:\Program Files\Gradle\gradle-7.3.1\bin;C:\Program Files\Git\cmd;C:\Program Files\MySQL\MySQL Shell 8.0\bin\;C:\Users\owo_9\AppData\Local\Programs\Python\Python38-32\Scripts\;C:\Users\owo_9\AppData\Local\Programs\Python\Python38-32\;C:\Users\owo_9\AppData\Local\Microsoft\WindowsApps;C:\Program Files\Bandizip\;C:\Program Files\Java\jdk-14.0.1\bin;C:\Users\owo_9\AppData\Local\atom\bin;C:\Users\owo_9\AppData\Local\Programs\Microsoft VS Code\bin;C:\Program Files\Azure Data Studio\bin;C:\Users\owo_9\.dotnet\tools;C:\Users\owo_9\AppData\Roaming\npm;C:\Program Files\heroku\bin;C:\Users\owo_9\AppData\Local\Microsoft\WindowsApps;C:\Program Files\Java\jdk-17\bin;;C:\Program Files\JetBrains\IntelliJ IDEA Community Edition 2023.3.3\bin;;C:\Users\owo_9\AppData\Local\afreeca
USERNAME=owo_9
OS=Windows_NT
PROCESSOR_IDENTIFIER=Intel64 Family 6 Model 158 Stepping 10, GenuineIntel



---------------  S Y S T E M  ---------------

OS:
 Windows 10 , 64 bit Build 22621 (10.0.22621.3527)
OS uptime: 0 days 6:21 hours
Hyper-V role detected

CPU: total 8 (initial active 8) (4 cores per cpu, 2 threads per core) family 6 model 158 stepping 10 microcode 0xde, cx8, cmov, fxsr, ht, mmx, 3dnowpref, sse, sse2, sse3, ssse3, sse4.1, sse4.2, popcnt, lzcnt, tsc, tscinvbit, avx, avx2, aes, erms, clmul, bmi1, bmi2, adx, fma, vzeroupper, clflush, clflushopt, hv

Memory: 4k page, system-wide physical 3976M (191M free)
TotalPageFile size 16264M (AvailPageFile size 1M)
current process WorkingSet (physical memory assigned to process): 102M, peak: 292M
current process commit charge ("private bytes"): 390M, peak: 392M

vm_info: Java HotSpot(TM) 64-Bit Server VM (17+35-LTS-2724) for windows-amd64 JRE (17+35-LTS-2724), built on Aug  5 2021 23:28:28 by "mach5one" with MS VC++ 16.8 (VS2019)

END.
