[2024-06-08 09:18:28:1902][background-preinit] [INFO ] o.h.validator.internal.util.Version - HV000001: Hibernate Validator 8.0.1.Final
[2024-06-08 09:18:28:1987][main] [INFO ] c.z.tabling.TablingApplication - Starting TablingApplication using Java 17 with PID 23176 (D:\개발\제로베이스\tablingService\tabling\out\production\classes started by owo_9 in D:\개발\제로베이스\tablingService\tabling)
[2024-06-08 09:18:28:1990][main] [INFO ] c.z.tabling.TablingApplication - No active profile set, falling back to 1 default profile: "default"
[2024-06-08 09:18:31:4936][main] [INFO ] o.s.d.r.c.RepositoryConfigurationDelegate - Multiple Spring Data modules found, entering strict repository configuration mode
[2024-06-08 09:18:31:4939][main] [INFO ] o.s.d.r.c.RepositoryConfigurationDelegate - Bootstrapping Spring Data JPA repositories in DEFAULT mode.
[2024-06-08 09:18:32:5192][main] [INFO ] o.s.d.r.c.RepositoryConfigurationDelegate - Finished Spring Data repository scanning in 240 ms. Found 5 JPA repository interfaces.
[2024-06-08 09:18:32:5209][main] [INFO ] o.s.d.r.c.RepositoryConfigurationDelegate - Multiple Spring Data modules found, entering strict repository configuration mode
[2024-06-08 09:18:32:5211][main] [INFO ] o.s.d.r.c.RepositoryConfigurationDelegate - Bootstrapping Spring Data Redis repositories in DEFAULT mode.
[2024-06-08 09:18:32:5235][main] [INFO ] o.s.d.r.c.RepositoryConfigurationExtensionSupport - Spring Data Redis - Could not safely identify store assignment for repository candidate interface com.zerobase.tabling.data.repository.ReservationRepository; If you want this repository to be a Redis repository, consider annotating your entities with one of these annotations: org.springframework.data.redis.core.RedisHash (preferred), or consider extending one of the following types with your repository: org.springframework.data.keyvalue.repository.KeyValueRepository
[2024-06-08 09:18:32:5236][main] [INFO ] o.s.d.r.c.RepositoryConfigurationExtensionSupport - Spring Data Redis - Could not safely identify store assignment for repository candidate interface com.zerobase.tabling.data.repository.ReviewRepository; If you want this repository to be a Redis repository, consider annotating your entities with one of these annotations: org.springframework.data.redis.core.RedisHash (preferred), or consider extending one of the following types with your repository: org.springframework.data.keyvalue.repository.KeyValueRepository
[2024-06-08 09:18:32:5236][main] [INFO ] o.s.d.r.c.RepositoryConfigurationExtensionSupport - Spring Data Redis - Could not safely identify store assignment for repository candidate interface com.zerobase.tabling.data.repository.StoreDetailRepository; If you want this repository to be a Redis repository, consider annotating your entities with one of these annotations: org.springframework.data.redis.core.RedisHash (preferred), or consider extending one of the following types with your repository: org.springframework.data.keyvalue.repository.KeyValueRepository
[2024-06-08 09:18:32:5236][main] [INFO ] o.s.d.r.c.RepositoryConfigurationExtensionSupport - Spring Data Redis - Could not safely identify store assignment for repository candidate interface com.zerobase.tabling.data.repository.StoreRepository; If you want this repository to be a Redis repository, consider annotating your entities with one of these annotations: org.springframework.data.redis.core.RedisHash (preferred), or consider extending one of the following types with your repository: org.springframework.data.keyvalue.repository.KeyValueRepository
[2024-06-08 09:18:32:5237][main] [INFO ] o.s.d.r.c.RepositoryConfigurationExtensionSupport - Spring Data Redis - Could not safely identify store assignment for repository candidate interface com.zerobase.tabling.data.repository.UserRepository; If you want this repository to be a Redis repository, consider annotating your entities with one of these annotations: org.springframework.data.redis.core.RedisHash (preferred), or consider extending one of the following types with your repository: org.springframework.data.keyvalue.repository.KeyValueRepository
[2024-06-08 09:18:32:5237][main] [INFO ] o.s.d.r.c.RepositoryConfigurationDelegate - Finished Spring Data repository scanning in 14 ms. Found 0 Redis repository interfaces.
[2024-06-08 09:18:33:6297][main] [INFO ] o.s.b.w.e.tomcat.TomcatWebServer - Tomcat initialized with port 8080 (http)
[2024-06-08 09:18:33:6310][main] [INFO ] o.a.coyote.http11.Http11NioProtocol - Initializing ProtocolHandler ["http-nio-8080"]
[2024-06-08 09:18:33:6313][main] [INFO ] o.a.catalina.core.StandardService - Starting service [Tomcat]
[2024-06-08 09:18:33:6313][main] [INFO ] o.a.catalina.core.StandardEngine - Starting Servlet engine: [Apache Tomcat/10.1.20]
[2024-06-08 09:18:33:6433][main] [INFO ] o.a.c.c.C.[Tomcat].[localhost].[/] - Initializing Spring embedded WebApplicationContext
[2024-06-08 09:18:33:6435][main] [INFO ] o.s.b.w.s.c.ServletWebServerApplicationContext - Root WebApplicationContext: initialization completed in 4374 ms
[2024-06-08 09:18:33:6641][main] [INFO ] o.h.jpa.internal.util.LogHelper - HHH000204: Processing PersistenceUnitInfo [name: default]
[2024-06-08 09:18:33:6715][main] [INFO ] org.hibernate.Version - HHH000412: Hibernate ORM core version 6.4.4.Final
[2024-06-08 09:18:33:6756][main] [INFO ] o.h.c.i.RegionFactoryInitiator - HHH000026: Second-level cache disabled
[2024-06-08 09:18:34:7055][main] [INFO ] o.s.o.j.p.SpringPersistenceUnitInfo - No LoadTimeWeaver setup: ignoring JPA class transformer
[2024-06-08 09:18:34:7093][main] [INFO ] com.zaxxer.hikari.HikariDataSource - HikariPool-1 - Starting...
[2024-06-08 09:18:34:7629][main] [INFO ] com.zaxxer.hikari.pool.HikariPool - HikariPool-1 - Added connection org.mariadb.jdbc.Connection@71316cd7
[2024-06-08 09:18:34:7632][main] [INFO ] com.zaxxer.hikari.HikariDataSource - HikariPool-1 - Start completed.
[2024-06-08 09:18:35:8826][main] [INFO ] o.h.e.t.j.p.i.JtaPlatformInitiator - HHH000489: No JTA platform available (set 'hibernate.transaction.jta.platform' to enable JTA platform integration)
[2024-06-08 09:18:38:11986][main] [INFO ] o.s.o.j.LocalContainerEntityManagerFactoryBean - Initialized JPA EntityManagerFactory for persistence unit 'default'
[2024-06-08 09:18:40:13457][main] [WARN ] o.s.b.a.o.j.JpaBaseConfiguration$JpaWebConfiguration - spring.jpa.open-in-view is enabled by default. Therefore, database queries may be performed during view rendering. Explicitly configure spring.jpa.open-in-view to disable this warning
[2024-06-08 09:18:40:13846][main] [INFO ] o.s.s.w.DefaultSecurityFilterChain - Will secure any request with [org.springframework.security.web.session.DisableEncodeUrlFilter@27879518, org.springframework.security.web.context.request.async.WebAsyncManagerIntegrationFilter@5a004dd4, org.springframework.security.web.context.SecurityContextHolderFilter@47ccbbd5, org.springframework.security.web.header.HeaderWriterFilter@6915b614, org.springframework.web.filter.CorsFilter@5afbbf9b, org.springframework.security.web.authentication.logout.LogoutFilter@3c9cab4, com.zerobase.tabling.component.JwtAuthenticationFilter@7859fc7, org.springframework.security.web.savedrequest.RequestCacheAwareFilter@5f65a6d7, org.springframework.security.web.servletapi.SecurityContextHolderAwareRequestFilter@67726dd1, org.springframework.security.web.authentication.AnonymousAuthenticationFilter@4f7bc9a3, org.springframework.security.web.session.SessionManagementFilter@314b0d53, org.springframework.security.web.access.ExceptionTranslationFilter@2287bbd1, org.springframework.security.web.access.intercept.AuthorizationFilter@ece769a]
[2024-06-08 09:18:40:13856][main] [WARN ] o.s.s.c.a.web.builders.WebSecurity - You are asking Spring Security to ignore Mvc [pattern='/h2-console/**']. This is not recommended -- please use permitAll via HttpSecurity#authorizeHttpRequests instead.
[2024-06-08 09:18:40:13856][main] [INFO ] o.s.s.w.DefaultSecurityFilterChain - Will not secure Mvc [pattern='/h2-console/**']
[2024-06-08 09:18:40:13856][main] [WARN ] o.s.s.c.a.web.builders.WebSecurity - You are asking Spring Security to ignore Mvc [pattern='/swagger-ui/**']. This is not recommended -- please use permitAll via HttpSecurity#authorizeHttpRequests instead.
[2024-06-08 09:18:40:13857][main] [INFO ] o.s.s.w.DefaultSecurityFilterChain - Will not secure Mvc [pattern='/swagger-ui/**']
[2024-06-08 09:18:40:13857][main] [WARN ] o.s.s.c.a.web.builders.WebSecurity - You are asking Spring Security to ignore Mvc [pattern='/swagger-resources/**']. This is not recommended -- please use permitAll via HttpSecurity#authorizeHttpRequests instead.
[2024-06-08 09:18:40:13857][main] [INFO ] o.s.s.w.DefaultSecurityFilterChain - Will not secure Mvc [pattern='/swagger-resources/**']
[2024-06-08 09:18:40:13857][main] [WARN ] o.s.s.c.a.web.builders.WebSecurity - You are asking Spring Security to ignore Mvc [pattern='/v3/api-docs/**']. This is not recommended -- please use permitAll via HttpSecurity#authorizeHttpRequests instead.
[2024-06-08 09:18:40:13857][main] [INFO ] o.s.s.w.DefaultSecurityFilterChain - Will not secure Mvc [pattern='/v3/api-docs/**']
[2024-06-08 09:18:41:14341][main] [INFO ] o.a.coyote.http11.Http11NioProtocol - Starting ProtocolHandler ["http-nio-8080"]
[2024-06-08 09:18:41:14399][main] [INFO ] o.s.b.w.e.tomcat.TomcatWebServer - Tomcat started on port 8080 (http) with context path ''
[2024-06-08 09:18:41:14415][main] [INFO ] c.z.tabling.TablingApplication - Started TablingApplication in 13.9 seconds (process running for 15.405)
[2024-06-08 09:27:15:528907][SpringApplicationShutdownHook] [INFO ] o.s.o.j.LocalContainerEntityManagerFactoryBean - Closing JPA EntityManagerFactory for persistence unit 'default'
[2024-06-08 09:27:15:528989][SpringApplicationShutdownHook] [INFO ] com.zaxxer.hikari.HikariDataSource - HikariPool-1 - Shutdown initiated...
[2024-06-08 09:27:16:529142][SpringApplicationShutdownHook] [INFO ] com.zaxxer.hikari.HikariDataSource - HikariPool-1 - Shutdown completed.
