[2024-06-07 00:07:55:2344][background-preinit] [INFO ] o.h.validator.internal.util.Version - HV000001: Hibernate Validator 8.0.1.Final
[2024-06-07 00:07:55:2457][main] [INFO ] c.z.tabling.TablingApplication - Starting TablingApplication using Java 17 with PID 23400 (D:\개발\제로베이스\tablingService\tabling\out\production\classes started by owo_9 in D:\개발\제로베이스\tablingService\tabling)
[2024-06-07 00:07:55:2460][main] [INFO ] c.z.tabling.TablingApplication - No active profile set, falling back to 1 default profile: "default"
[2024-06-07 00:07:58:4998][main] [INFO ] o.s.d.r.c.RepositoryConfigurationDelegate - Multiple Spring Data modules found, entering strict repository configuration mode
[2024-06-07 00:07:58:5009][main] [INFO ] o.s.d.r.c.RepositoryConfigurationDelegate - Bootstrapping Spring Data JPA repositories in DEFAULT mode.
[2024-06-07 00:07:59:5798][main] [INFO ] o.s.d.r.c.RepositoryConfigurationDelegate - Finished Spring Data repository scanning in 769 ms. Found 5 JPA repository interfaces.
[2024-06-07 00:07:59:5849][main] [INFO ] o.s.d.r.c.RepositoryConfigurationDelegate - Multiple Spring Data modules found, entering strict repository configuration mode
[2024-06-07 00:07:59:5852][main] [INFO ] o.s.d.r.c.RepositoryConfigurationDelegate - Bootstrapping Spring Data Redis repositories in DEFAULT mode.
[2024-06-07 00:07:59:5931][main] [INFO ] o.s.d.r.c.RepositoryConfigurationExtensionSupport - Spring Data Redis - Could not safely identify store assignment for repository candidate interface com.zerobase.tabling.data.repository.ReservationRepository; If you want this repository to be a Redis repository, consider annotating your entities with one of these annotations: org.springframework.data.redis.core.RedisHash (preferred), or consider extending one of the following types with your repository: org.springframework.data.keyvalue.repository.KeyValueRepository
[2024-06-07 00:07:59:5932][main] [INFO ] o.s.d.r.c.RepositoryConfigurationExtensionSupport - Spring Data Redis - Could not safely identify store assignment for repository candidate interface com.zerobase.tabling.data.repository.ReviewRepository; If you want this repository to be a Redis repository, consider annotating your entities with one of these annotations: org.springframework.data.redis.core.RedisHash (preferred), or consider extending one of the following types with your repository: org.springframework.data.keyvalue.repository.KeyValueRepository
[2024-06-07 00:07:59:5933][main] [INFO ] o.s.d.r.c.RepositoryConfigurationExtensionSupport - Spring Data Redis - Could not safely identify store assignment for repository candidate interface com.zerobase.tabling.data.repository.StoreDetailRepository; If you want this repository to be a Redis repository, consider annotating your entities with one of these annotations: org.springframework.data.redis.core.RedisHash (preferred), or consider extending one of the following types with your repository: org.springframework.data.keyvalue.repository.KeyValueRepository
[2024-06-07 00:07:59:5933][main] [INFO ] o.s.d.r.c.RepositoryConfigurationExtensionSupport - Spring Data Redis - Could not safely identify store assignment for repository candidate interface com.zerobase.tabling.data.repository.StoreRepository; If you want this repository to be a Redis repository, consider annotating your entities with one of these annotations: org.springframework.data.redis.core.RedisHash (preferred), or consider extending one of the following types with your repository: org.springframework.data.keyvalue.repository.KeyValueRepository
[2024-06-07 00:07:59:5935][main] [INFO ] o.s.d.r.c.RepositoryConfigurationExtensionSupport - Spring Data Redis - Could not safely identify store assignment for repository candidate interface com.zerobase.tabling.data.repository.UserRepository; If you want this repository to be a Redis repository, consider annotating your entities with one of these annotations: org.springframework.data.redis.core.RedisHash (preferred), or consider extending one of the following types with your repository: org.springframework.data.keyvalue.repository.KeyValueRepository
[2024-06-07 00:07:59:5939][main] [INFO ] o.s.d.r.c.RepositoryConfigurationDelegate - Finished Spring Data repository scanning in 44 ms. Found 0 Redis repository interfaces.
[2024-06-07 00:08:01:8372][main] [INFO ] o.s.b.w.e.tomcat.TomcatWebServer - Tomcat initialized with port 8080 (http)
[2024-06-07 00:08:01:8404][main] [INFO ] o.a.coyote.http11.Http11NioProtocol - Initializing ProtocolHandler ["http-nio-8080"]
[2024-06-07 00:08:01:8417][main] [INFO ] o.a.catalina.core.StandardService - Starting service [Tomcat]
[2024-06-07 00:08:01:8418][main] [INFO ] o.a.catalina.core.StandardEngine - Starting Servlet engine: [Apache Tomcat/10.1.20]
[2024-06-07 00:08:02:8709][main] [INFO ] o.a.c.c.C.[Tomcat].[localhost].[/] - Initializing Spring embedded WebApplicationContext
[2024-06-07 00:08:02:8712][main] [INFO ] o.s.b.w.s.c.ServletWebServerApplicationContext - Root WebApplicationContext: initialization completed in 6169 ms
[2024-06-07 00:08:02:9024][main] [INFO ] o.h.jpa.internal.util.LogHelper - HHH000204: Processing PersistenceUnitInfo [name: default]
[2024-06-07 00:08:02:9140][main] [INFO ] org.hibernate.Version - HHH000412: Hibernate ORM core version 6.4.4.Final
[2024-06-07 00:08:02:9216][main] [INFO ] o.h.c.i.RegionFactoryInitiator - HHH000026: Second-level cache disabled
[2024-06-07 00:08:03:9820][main] [INFO ] o.s.o.j.p.SpringPersistenceUnitInfo - No LoadTimeWeaver setup: ignoring JPA class transformer
[2024-06-07 00:08:03:9857][main] [INFO ] com.zaxxer.hikari.HikariDataSource - HikariPool-1 - Starting...
[2024-06-07 00:08:03:10542][main] [INFO ] com.zaxxer.hikari.pool.HikariPool - HikariPool-1 - Added connection org.mariadb.jdbc.Connection@1cb849b2
[2024-06-07 00:08:03:10545][main] [INFO ] com.zaxxer.hikari.HikariDataSource - HikariPool-1 - Start completed.
[2024-06-07 00:08:05:11752][main] [INFO ] o.h.e.t.j.p.i.JtaPlatformInitiator - HHH000489: No JTA platform available (set 'hibernate.transaction.jta.platform' to enable JTA platform integration)
[2024-06-07 00:08:08:15182][main] [INFO ] o.s.o.j.LocalContainerEntityManagerFactoryBean - Initialized JPA EntityManagerFactory for persistence unit 'default'
[2024-06-07 00:08:10:16624][main] [WARN ] o.s.b.a.o.j.JpaBaseConfiguration$JpaWebConfiguration - spring.jpa.open-in-view is enabled by default. Therefore, database queries may be performed during view rendering. Explicitly configure spring.jpa.open-in-view to disable this warning
[2024-06-07 00:08:10:17018][main] [INFO ] o.s.s.w.DefaultSecurityFilterChain - Will secure any request with [org.springframework.security.web.session.DisableEncodeUrlFilter@3687f6b6, org.springframework.security.web.context.request.async.WebAsyncManagerIntegrationFilter@521e34d4, org.springframework.security.web.context.SecurityContextHolderFilter@5c519da4, org.springframework.security.web.header.HeaderWriterFilter@35d31e1c, org.springframework.web.filter.CorsFilter@49c74506, org.springframework.security.web.authentication.logout.LogoutFilter@42e14655, com.zerobase.tabling.component.JwtAuthenticationFilter@106c3e0a, org.springframework.security.web.savedrequest.RequestCacheAwareFilter@3ef2f84c, org.springframework.security.web.servletapi.SecurityContextHolderAwareRequestFilter@14f8fdae, org.springframework.security.web.authentication.AnonymousAuthenticationFilter@2be9add0, org.springframework.security.web.session.SessionManagementFilter@644eed73, org.springframework.security.web.access.ExceptionTranslationFilter@43851574, org.springframework.security.web.access.intercept.AuthorizationFilter@4ff5711b]
[2024-06-07 00:08:10:17028][main] [WARN ] o.s.s.c.a.web.builders.WebSecurity - You are asking Spring Security to ignore Mvc [pattern='/h2-console/**']. This is not recommended -- please use permitAll via HttpSecurity#authorizeHttpRequests instead.
[2024-06-07 00:08:10:17029][main] [INFO ] o.s.s.w.DefaultSecurityFilterChain - Will not secure Mvc [pattern='/h2-console/**']
[2024-06-07 00:08:10:17029][main] [WARN ] o.s.s.c.a.web.builders.WebSecurity - You are asking Spring Security to ignore Mvc [pattern='/swagger-ui/**']. This is not recommended -- please use permitAll via HttpSecurity#authorizeHttpRequests instead.
[2024-06-07 00:08:10:17030][main] [INFO ] o.s.s.w.DefaultSecurityFilterChain - Will not secure Mvc [pattern='/swagger-ui/**']
[2024-06-07 00:08:10:17030][main] [WARN ] o.s.s.c.a.web.builders.WebSecurity - You are asking Spring Security to ignore Mvc [pattern='/swagger-resources/**']. This is not recommended -- please use permitAll via HttpSecurity#authorizeHttpRequests instead.
[2024-06-07 00:08:10:17030][main] [INFO ] o.s.s.w.DefaultSecurityFilterChain - Will not secure Mvc [pattern='/swagger-resources/**']
[2024-06-07 00:08:10:17030][main] [WARN ] o.s.s.c.a.web.builders.WebSecurity - You are asking Spring Security to ignore Mvc [pattern='/v3/api-docs/**']. This is not recommended -- please use permitAll via HttpSecurity#authorizeHttpRequests instead.
[2024-06-07 00:08:10:17031][main] [INFO ] o.s.s.w.DefaultSecurityFilterChain - Will not secure Mvc [pattern='/v3/api-docs/**']
[2024-06-07 00:08:11:17719][main] [INFO ] o.a.coyote.http11.Http11NioProtocol - Starting ProtocolHandler ["http-nio-8080"]
[2024-06-07 00:08:11:17782][main] [INFO ] o.s.b.w.e.tomcat.TomcatWebServer - Tomcat started on port 8080 (http) with context path ''
[2024-06-07 00:08:11:17797][main] [INFO ] c.z.tabling.TablingApplication - Started TablingApplication in 17.113 seconds (process running for 19.565)
[2024-06-07 00:08:14:21353][SpringApplicationShutdownHook] [INFO ] o.s.o.j.LocalContainerEntityManagerFactoryBean - Closing JPA EntityManagerFactory for persistence unit 'default'
[2024-06-07 00:08:14:21358][SpringApplicationShutdownHook] [INFO ] com.zaxxer.hikari.HikariDataSource - HikariPool-1 - Shutdown initiated...
[2024-06-07 00:08:14:21399][SpringApplicationShutdownHook] [INFO ] com.zaxxer.hikari.HikariDataSource - HikariPool-1 - Shutdown completed.
[2024-06-07 03:21:06:1326][background-preinit] [INFO ] o.h.validator.internal.util.Version - HV000001: Hibernate Validator 8.0.1.Final
[2024-06-07 03:21:06:1437][main] [INFO ] c.z.tabling.TablingApplication - Starting TablingApplication using Java 17 with PID 20052 (D:\개발\제로베이스\tablingService\tabling\out\production\classes started by owo_9 in D:\개발\제로베이스\tablingService\tabling)
[2024-06-07 03:21:06:1440][main] [INFO ] c.z.tabling.TablingApplication - No active profile set, falling back to 1 default profile: "default"
[2024-06-07 03:21:08:3796][main] [INFO ] o.s.d.r.c.RepositoryConfigurationDelegate - Multiple Spring Data modules found, entering strict repository configuration mode
[2024-06-07 03:21:08:3798][main] [INFO ] o.s.d.r.c.RepositoryConfigurationDelegate - Bootstrapping Spring Data JPA repositories in DEFAULT mode.
[2024-06-07 03:21:08:4109][main] [INFO ] o.s.d.r.c.RepositoryConfigurationDelegate - Finished Spring Data repository scanning in 298 ms. Found 5 JPA repository interfaces.
[2024-06-07 03:21:08:4134][main] [INFO ] o.s.d.r.c.RepositoryConfigurationDelegate - Multiple Spring Data modules found, entering strict repository configuration mode
[2024-06-07 03:21:08:4137][main] [INFO ] o.s.d.r.c.RepositoryConfigurationDelegate - Bootstrapping Spring Data Redis repositories in DEFAULT mode.
[2024-06-07 03:21:08:4164][main] [INFO ] o.s.d.r.c.RepositoryConfigurationExtensionSupport - Spring Data Redis - Could not safely identify store assignment for repository candidate interface com.zerobase.tabling.data.repository.ReservationRepository; If you want this repository to be a Redis repository, consider annotating your entities with one of these annotations: org.springframework.data.redis.core.RedisHash (preferred), or consider extending one of the following types with your repository: org.springframework.data.keyvalue.repository.KeyValueRepository
[2024-06-07 03:21:08:4164][main] [INFO ] o.s.d.r.c.RepositoryConfigurationExtensionSupport - Spring Data Redis - Could not safely identify store assignment for repository candidate interface com.zerobase.tabling.data.repository.ReviewRepository; If you want this repository to be a Redis repository, consider annotating your entities with one of these annotations: org.springframework.data.redis.core.RedisHash (preferred), or consider extending one of the following types with your repository: org.springframework.data.keyvalue.repository.KeyValueRepository
[2024-06-07 03:21:08:4165][main] [INFO ] o.s.d.r.c.RepositoryConfigurationExtensionSupport - Spring Data Redis - Could not safely identify store assignment for repository candidate interface com.zerobase.tabling.data.repository.StoreDetailRepository; If you want this repository to be a Redis repository, consider annotating your entities with one of these annotations: org.springframework.data.redis.core.RedisHash (preferred), or consider extending one of the following types with your repository: org.springframework.data.keyvalue.repository.KeyValueRepository
[2024-06-07 03:21:08:4165][main] [INFO ] o.s.d.r.c.RepositoryConfigurationExtensionSupport - Spring Data Redis - Could not safely identify store assignment for repository candidate interface com.zerobase.tabling.data.repository.StoreRepository; If you want this repository to be a Redis repository, consider annotating your entities with one of these annotations: org.springframework.data.redis.core.RedisHash (preferred), or consider extending one of the following types with your repository: org.springframework.data.keyvalue.repository.KeyValueRepository
[2024-06-07 03:21:08:4165][main] [INFO ] o.s.d.r.c.RepositoryConfigurationExtensionSupport - Spring Data Redis - Could not safely identify store assignment for repository candidate interface com.zerobase.tabling.data.repository.UserRepository; If you want this repository to be a Redis repository, consider annotating your entities with one of these annotations: org.springframework.data.redis.core.RedisHash (preferred), or consider extending one of the following types with your repository: org.springframework.data.keyvalue.repository.KeyValueRepository
[2024-06-07 03:21:08:4165][main] [INFO ] o.s.d.r.c.RepositoryConfigurationDelegate - Finished Spring Data repository scanning in 13 ms. Found 0 Redis repository interfaces.
[2024-06-07 03:21:10:5629][main] [INFO ] o.s.b.w.e.tomcat.TomcatWebServer - Tomcat initialized with port 8080 (http)
[2024-06-07 03:21:10:5652][main] [INFO ] o.a.coyote.http11.Http11NioProtocol - Initializing ProtocolHandler ["http-nio-8080"]
[2024-06-07 03:21:10:5657][main] [INFO ] o.a.catalina.core.StandardService - Starting service [Tomcat]
[2024-06-07 03:21:10:5657][main] [INFO ] o.a.catalina.core.StandardEngine - Starting Servlet engine: [Apache Tomcat/10.1.20]
[2024-06-07 03:21:10:5819][main] [INFO ] o.a.c.c.C.[Tomcat].[localhost].[/] - Initializing Spring embedded WebApplicationContext
[2024-06-07 03:21:10:5821][main] [INFO ] o.s.b.w.s.c.ServletWebServerApplicationContext - Root WebApplicationContext: initialization completed in 4249 ms
[2024-06-07 03:21:10:6152][main] [INFO ] o.h.jpa.internal.util.LogHelper - HHH000204: Processing PersistenceUnitInfo [name: default]
[2024-06-07 03:21:10:6293][main] [INFO ] org.hibernate.Version - HHH000412: Hibernate ORM core version 6.4.4.Final
[2024-06-07 03:21:11:6347][main] [INFO ] o.h.c.i.RegionFactoryInitiator - HHH000026: Second-level cache disabled
[2024-06-07 03:21:11:6696][main] [INFO ] o.s.o.j.p.SpringPersistenceUnitInfo - No LoadTimeWeaver setup: ignoring JPA class transformer
[2024-06-07 03:21:11:6733][main] [INFO ] com.zaxxer.hikari.HikariDataSource - HikariPool-1 - Starting...
[2024-06-07 03:21:12:7359][main] [INFO ] com.zaxxer.hikari.pool.HikariPool - HikariPool-1 - Added connection org.mariadb.jdbc.Connection@590dea35
[2024-06-07 03:21:12:7366][main] [INFO ] com.zaxxer.hikari.HikariDataSource - HikariPool-1 - Start completed.
[2024-06-07 03:21:13:8676][main] [INFO ] o.h.e.t.j.p.i.JtaPlatformInitiator - HHH000489: No JTA platform available (set 'hibernate.transaction.jta.platform' to enable JTA platform integration)
[2024-06-07 03:21:16:11722][main] [INFO ] o.s.o.j.LocalContainerEntityManagerFactoryBean - Initialized JPA EntityManagerFactory for persistence unit 'default'
[2024-06-07 03:21:17:13235][main] [WARN ] o.s.b.a.o.j.JpaBaseConfiguration$JpaWebConfiguration - spring.jpa.open-in-view is enabled by default. Therefore, database queries may be performed during view rendering. Explicitly configure spring.jpa.open-in-view to disable this warning
[2024-06-07 03:21:18:13625][main] [INFO ] o.s.s.w.DefaultSecurityFilterChain - Will secure any request with [org.springframework.security.web.session.DisableEncodeUrlFilter@19544627, org.springframework.security.web.context.request.async.WebAsyncManagerIntegrationFilter@5da20b76, org.springframework.security.web.context.SecurityContextHolderFilter@1bb21ec1, org.springframework.security.web.header.HeaderWriterFilter@3c1f2651, org.springframework.web.filter.CorsFilter@7e7ee3b7, org.springframework.security.web.authentication.logout.LogoutFilter@e870ac9, com.zerobase.tabling.component.JwtAuthenticationFilter@735dc133, org.springframework.security.web.savedrequest.RequestCacheAwareFilter@7be2f512, org.springframework.security.web.servletapi.SecurityContextHolderAwareRequestFilter@435848de, org.springframework.security.web.authentication.AnonymousAuthenticationFilter@5d87c8af, org.springframework.security.web.session.SessionManagementFilter@249fa2cb, org.springframework.security.web.access.ExceptionTranslationFilter@1bfc6e50, org.springframework.security.web.access.intercept.AuthorizationFilter@5292d417]
[2024-06-07 03:21:18:13633][main] [WARN ] o.s.s.c.a.web.builders.WebSecurity - You are asking Spring Security to ignore Mvc [pattern='/h2-console/**']. This is not recommended -- please use permitAll via HttpSecurity#authorizeHttpRequests instead.
[2024-06-07 03:21:18:13634][main] [INFO ] o.s.s.w.DefaultSecurityFilterChain - Will not secure Mvc [pattern='/h2-console/**']
[2024-06-07 03:21:18:13634][main] [WARN ] o.s.s.c.a.web.builders.WebSecurity - You are asking Spring Security to ignore Mvc [pattern='/swagger-ui/**']. This is not recommended -- please use permitAll via HttpSecurity#authorizeHttpRequests instead.
[2024-06-07 03:21:18:13634][main] [INFO ] o.s.s.w.DefaultSecurityFilterChain - Will not secure Mvc [pattern='/swagger-ui/**']
[2024-06-07 03:21:18:13634][main] [WARN ] o.s.s.c.a.web.builders.WebSecurity - You are asking Spring Security to ignore Mvc [pattern='/swagger-resources/**']. This is not recommended -- please use permitAll via HttpSecurity#authorizeHttpRequests instead.
[2024-06-07 03:21:18:13634][main] [INFO ] o.s.s.w.DefaultSecurityFilterChain - Will not secure Mvc [pattern='/swagger-resources/**']
[2024-06-07 03:21:18:13634][main] [WARN ] o.s.s.c.a.web.builders.WebSecurity - You are asking Spring Security to ignore Mvc [pattern='/v3/api-docs/**']. This is not recommended -- please use permitAll via HttpSecurity#authorizeHttpRequests instead.
[2024-06-07 03:21:18:13634][main] [INFO ] o.s.s.w.DefaultSecurityFilterChain - Will not secure Mvc [pattern='/v3/api-docs/**']
[2024-06-07 03:21:18:14228][main] [INFO ] o.a.coyote.http11.Http11NioProtocol - Starting ProtocolHandler ["http-nio-8080"]
[2024-06-07 03:21:18:14275][main] [INFO ] o.s.b.w.e.tomcat.TomcatWebServer - Tomcat started on port 8080 (http) with context path ''
[2024-06-07 03:21:18:14287][main] [INFO ] c.z.tabling.TablingApplication - Started TablingApplication in 13.848 seconds (process running for 15.503)
[2024-06-07 03:21:24:19378][SpringApplicationShutdownHook] [INFO ] o.s.o.j.LocalContainerEntityManagerFactoryBean - Closing JPA EntityManagerFactory for persistence unit 'default'
[2024-06-07 03:21:24:19381][SpringApplicationShutdownHook] [INFO ] com.zaxxer.hikari.HikariDataSource - HikariPool-1 - Shutdown initiated...
[2024-06-07 03:21:24:19399][SpringApplicationShutdownHook] [INFO ] com.zaxxer.hikari.HikariDataSource - HikariPool-1 - Shutdown completed.
[2024-06-07 03:43:54:1551][background-preinit] [INFO ] o.h.validator.internal.util.Version - HV000001: Hibernate Validator 8.0.1.Final
[2024-06-07 03:43:55:1643][main] [INFO ] c.z.tabling.TablingApplication - Starting TablingApplication using Java 17 with PID 24092 (D:\개발\제로베이스\tablingService\tabling\out\production\classes started by owo_9 in D:\개발\제로베이스\tablingService\tabling)
[2024-06-07 03:43:55:1652][main] [INFO ] c.z.tabling.TablingApplication - No active profile set, falling back to 1 default profile: "default"
[2024-06-07 03:43:57:3673][main] [INFO ] o.s.d.r.c.RepositoryConfigurationDelegate - Multiple Spring Data modules found, entering strict repository configuration mode
[2024-06-07 03:43:57:3675][main] [INFO ] o.s.d.r.c.RepositoryConfigurationDelegate - Bootstrapping Spring Data JPA repositories in DEFAULT mode.
[2024-06-07 03:43:57:3951][main] [INFO ] o.s.d.r.c.RepositoryConfigurationDelegate - Finished Spring Data repository scanning in 258 ms. Found 5 JPA repository interfaces.
[2024-06-07 03:43:57:3972][main] [INFO ] o.s.d.r.c.RepositoryConfigurationDelegate - Multiple Spring Data modules found, entering strict repository configuration mode
[2024-06-07 03:43:57:3973][main] [INFO ] o.s.d.r.c.RepositoryConfigurationDelegate - Bootstrapping Spring Data Redis repositories in DEFAULT mode.
[2024-06-07 03:43:57:4000][main] [INFO ] o.s.d.r.c.RepositoryConfigurationExtensionSupport - Spring Data Redis - Could not safely identify store assignment for repository candidate interface com.zerobase.tabling.data.repository.ReservationRepository; If you want this repository to be a Redis repository, consider annotating your entities with one of these annotations: org.springframework.data.redis.core.RedisHash (preferred), or consider extending one of the following types with your repository: org.springframework.data.keyvalue.repository.KeyValueRepository
[2024-06-07 03:43:57:4001][main] [INFO ] o.s.d.r.c.RepositoryConfigurationExtensionSupport - Spring Data Redis - Could not safely identify store assignment for repository candidate interface com.zerobase.tabling.data.repository.ReviewRepository; If you want this repository to be a Redis repository, consider annotating your entities with one of these annotations: org.springframework.data.redis.core.RedisHash (preferred), or consider extending one of the following types with your repository: org.springframework.data.keyvalue.repository.KeyValueRepository
[2024-06-07 03:43:57:4001][main] [INFO ] o.s.d.r.c.RepositoryConfigurationExtensionSupport - Spring Data Redis - Could not safely identify store assignment for repository candidate interface com.zerobase.tabling.data.repository.StoreDetailRepository; If you want this repository to be a Redis repository, consider annotating your entities with one of these annotations: org.springframework.data.redis.core.RedisHash (preferred), or consider extending one of the following types with your repository: org.springframework.data.keyvalue.repository.KeyValueRepository
[2024-06-07 03:43:57:4001][main] [INFO ] o.s.d.r.c.RepositoryConfigurationExtensionSupport - Spring Data Redis - Could not safely identify store assignment for repository candidate interface com.zerobase.tabling.data.repository.StoreRepository; If you want this repository to be a Redis repository, consider annotating your entities with one of these annotations: org.springframework.data.redis.core.RedisHash (preferred), or consider extending one of the following types with your repository: org.springframework.data.keyvalue.repository.KeyValueRepository
[2024-06-07 03:43:57:4001][main] [INFO ] o.s.d.r.c.RepositoryConfigurationExtensionSupport - Spring Data Redis - Could not safely identify store assignment for repository candidate interface com.zerobase.tabling.data.repository.UserRepository; If you want this repository to be a Redis repository, consider annotating your entities with one of these annotations: org.springframework.data.redis.core.RedisHash (preferred), or consider extending one of the following types with your repository: org.springframework.data.keyvalue.repository.KeyValueRepository
[2024-06-07 03:43:57:4001][main] [INFO ] o.s.d.r.c.RepositoryConfigurationDelegate - Finished Spring Data repository scanning in 14 ms. Found 0 Redis repository interfaces.
[2024-06-07 03:43:58:5095][main] [INFO ] o.s.b.w.e.tomcat.TomcatWebServer - Tomcat initialized with port 8080 (http)
[2024-06-07 03:43:58:5107][main] [INFO ] o.a.coyote.http11.Http11NioProtocol - Initializing ProtocolHandler ["http-nio-8080"]
[2024-06-07 03:43:58:5110][main] [INFO ] o.a.catalina.core.StandardService - Starting service [Tomcat]
[2024-06-07 03:43:58:5111][main] [INFO ] o.a.catalina.core.StandardEngine - Starting Servlet engine: [Apache Tomcat/10.1.20]
[2024-06-07 03:43:58:5232][main] [INFO ] o.a.c.c.C.[Tomcat].[localhost].[/] - Initializing Spring embedded WebApplicationContext
[2024-06-07 03:43:58:5233][main] [INFO ] o.s.b.w.s.c.ServletWebServerApplicationContext - Root WebApplicationContext: initialization completed in 3500 ms
[2024-06-07 03:43:58:5460][main] [INFO ] o.h.jpa.internal.util.LogHelper - HHH000204: Processing PersistenceUnitInfo [name: default]
[2024-06-07 03:43:58:5539][main] [INFO ] org.hibernate.Version - HHH000412: Hibernate ORM core version 6.4.4.Final
[2024-06-07 03:43:58:5589][main] [INFO ] o.h.c.i.RegionFactoryInitiator - HHH000026: Second-level cache disabled
[2024-06-07 03:43:59:5941][main] [INFO ] o.s.o.j.p.SpringPersistenceUnitInfo - No LoadTimeWeaver setup: ignoring JPA class transformer
[2024-06-07 03:43:59:5974][main] [INFO ] com.zaxxer.hikari.HikariDataSource - HikariPool-1 - Starting...
[2024-06-07 03:43:59:6565][main] [INFO ] com.zaxxer.hikari.pool.HikariPool - HikariPool-1 - Added connection org.mariadb.jdbc.Connection@1bb172dd
[2024-06-07 03:43:59:6570][main] [INFO ] com.zaxxer.hikari.HikariDataSource - HikariPool-1 - Start completed.
[2024-06-07 03:44:01:7820][main] [INFO ] o.h.e.t.j.p.i.JtaPlatformInitiator - HHH000489: No JTA platform available (set 'hibernate.transaction.jta.platform' to enable JTA platform integration)
[2024-06-07 03:44:04:10784][main] [INFO ] o.s.o.j.LocalContainerEntityManagerFactoryBean - Initialized JPA EntityManagerFactory for persistence unit 'default'
[2024-06-07 03:44:05:12246][main] [WARN ] o.s.b.a.o.j.JpaBaseConfiguration$JpaWebConfiguration - spring.jpa.open-in-view is enabled by default. Therefore, database queries may be performed during view rendering. Explicitly configure spring.jpa.open-in-view to disable this warning
[2024-06-07 03:44:05:12625][main] [INFO ] o.s.s.w.DefaultSecurityFilterChain - Will secure any request with [org.springframework.security.web.session.DisableEncodeUrlFilter@2e0d6270, org.springframework.security.web.context.request.async.WebAsyncManagerIntegrationFilter@314b0d53, org.springframework.security.web.context.SecurityContextHolderFilter@1fcb01f8, org.springframework.security.web.header.HeaderWriterFilter@48971262, org.springframework.web.filter.CorsFilter@4676fcd9, org.springframework.security.web.authentication.logout.LogoutFilter@3220ffb, com.zerobase.tabling.component.JwtAuthenticationFilter@462deb2b, org.springframework.security.web.savedrequest.RequestCacheAwareFilter@63ee2891, org.springframework.security.web.servletapi.SecurityContextHolderAwareRequestFilter@9670873, org.springframework.security.web.authentication.AnonymousAuthenticationFilter@2975715, org.springframework.security.web.session.SessionManagementFilter@75f67fe5, org.springframework.security.web.access.ExceptionTranslationFilter@7be2f512, org.springframework.security.web.access.intercept.AuthorizationFilter@2287bbd1]
[2024-06-07 03:44:06:12633][main] [WARN ] o.s.s.c.a.web.builders.WebSecurity - You are asking Spring Security to ignore Mvc [pattern='/h2-console/**']. This is not recommended -- please use permitAll via HttpSecurity#authorizeHttpRequests instead.
[2024-06-07 03:44:06:12633][main] [INFO ] o.s.s.w.DefaultSecurityFilterChain - Will not secure Mvc [pattern='/h2-console/**']
[2024-06-07 03:44:06:12634][main] [WARN ] o.s.s.c.a.web.builders.WebSecurity - You are asking Spring Security to ignore Mvc [pattern='/swagger-ui/**']. This is not recommended -- please use permitAll via HttpSecurity#authorizeHttpRequests instead.
[2024-06-07 03:44:06:12634][main] [INFO ] o.s.s.w.DefaultSecurityFilterChain - Will not secure Mvc [pattern='/swagger-ui/**']
[2024-06-07 03:44:06:12635][main] [WARN ] o.s.s.c.a.web.builders.WebSecurity - You are asking Spring Security to ignore Mvc [pattern='/swagger-resources/**']. This is not recommended -- please use permitAll via HttpSecurity#authorizeHttpRequests instead.
[2024-06-07 03:44:06:12635][main] [INFO ] o.s.s.w.DefaultSecurityFilterChain - Will not secure Mvc [pattern='/swagger-resources/**']
[2024-06-07 03:44:06:12635][main] [WARN ] o.s.s.c.a.web.builders.WebSecurity - You are asking Spring Security to ignore Mvc [pattern='/v3/api-docs/**']. This is not recommended -- please use permitAll via HttpSecurity#authorizeHttpRequests instead.
[2024-06-07 03:44:06:12635][main] [INFO ] o.s.s.w.DefaultSecurityFilterChain - Will not secure Mvc [pattern='/v3/api-docs/**']
[2024-06-07 03:44:06:13094][main] [INFO ] o.a.coyote.http11.Http11NioProtocol - Starting ProtocolHandler ["http-nio-8080"]
[2024-06-07 03:44:06:13151][main] [INFO ] o.s.b.w.e.tomcat.TomcatWebServer - Tomcat started on port 8080 (http) with context path ''
[2024-06-07 03:44:06:13166][main] [INFO ] c.z.tabling.TablingApplication - Started TablingApplication in 12.609 seconds (process running for 14.134)
[2024-06-07 03:44:12:18941][SpringApplicationShutdownHook] [INFO ] o.s.o.j.LocalContainerEntityManagerFactoryBean - Closing JPA EntityManagerFactory for persistence unit 'default'
[2024-06-07 03:44:12:18946][SpringApplicationShutdownHook] [INFO ] com.zaxxer.hikari.HikariDataSource - HikariPool-1 - Shutdown initiated...
[2024-06-07 03:44:12:18957][SpringApplicationShutdownHook] [INFO ] com.zaxxer.hikari.HikariDataSource - HikariPool-1 - Shutdown completed.
[2024-06-07 05:32:40:2736][background-preinit] [INFO ] o.h.validator.internal.util.Version - HV000001: Hibernate Validator 8.0.1.Final
[2024-06-07 05:32:40:2831][main] [INFO ] c.z.tabling.TablingApplication - Starting TablingApplication using Java 17 with PID 16976 (D:\개발\제로베이스\tablingService\tabling\out\production\classes started by owo_9 in D:\개발\제로베이스\tablingService\tabling)
[2024-06-07 05:32:40:2834][main] [INFO ] c.z.tabling.TablingApplication - No active profile set, falling back to 1 default profile: "default"
[2024-06-07 05:32:43:5966][main] [INFO ] o.s.d.r.c.RepositoryConfigurationDelegate - Multiple Spring Data modules found, entering strict repository configuration mode
[2024-06-07 05:32:43:5970][main] [INFO ] o.s.d.r.c.RepositoryConfigurationDelegate - Bootstrapping Spring Data JPA repositories in DEFAULT mode.
[2024-06-07 05:32:43:6519][main] [INFO ] o.s.d.r.c.RepositoryConfigurationDelegate - Finished Spring Data repository scanning in 524 ms. Found 5 JPA repository interfaces.
[2024-06-07 05:32:43:6541][main] [INFO ] o.s.d.r.c.RepositoryConfigurationDelegate - Multiple Spring Data modules found, entering strict repository configuration mode
[2024-06-07 05:32:43:6543][main] [INFO ] o.s.d.r.c.RepositoryConfigurationDelegate - Bootstrapping Spring Data Redis repositories in DEFAULT mode.
[2024-06-07 05:32:43:6571][main] [INFO ] o.s.d.r.c.RepositoryConfigurationExtensionSupport - Spring Data Redis - Could not safely identify store assignment for repository candidate interface com.zerobase.tabling.data.repository.ReservationRepository; If you want this repository to be a Redis repository, consider annotating your entities with one of these annotations: org.springframework.data.redis.core.RedisHash (preferred), or consider extending one of the following types with your repository: org.springframework.data.keyvalue.repository.KeyValueRepository
[2024-06-07 05:32:43:6572][main] [INFO ] o.s.d.r.c.RepositoryConfigurationExtensionSupport - Spring Data Redis - Could not safely identify store assignment for repository candidate interface com.zerobase.tabling.data.repository.ReviewRepository; If you want this repository to be a Redis repository, consider annotating your entities with one of these annotations: org.springframework.data.redis.core.RedisHash (preferred), or consider extending one of the following types with your repository: org.springframework.data.keyvalue.repository.KeyValueRepository
[2024-06-07 05:32:43:6572][main] [INFO ] o.s.d.r.c.RepositoryConfigurationExtensionSupport - Spring Data Redis - Could not safely identify store assignment for repository candidate interface com.zerobase.tabling.data.repository.StoreDetailRepository; If you want this repository to be a Redis repository, consider annotating your entities with one of these annotations: org.springframework.data.redis.core.RedisHash (preferred), or consider extending one of the following types with your repository: org.springframework.data.keyvalue.repository.KeyValueRepository
[2024-06-07 05:32:43:6572][main] [INFO ] o.s.d.r.c.RepositoryConfigurationExtensionSupport - Spring Data Redis - Could not safely identify store assignment for repository candidate interface com.zerobase.tabling.data.repository.StoreRepository; If you want this repository to be a Redis repository, consider annotating your entities with one of these annotations: org.springframework.data.redis.core.RedisHash (preferred), or consider extending one of the following types with your repository: org.springframework.data.keyvalue.repository.KeyValueRepository
[2024-06-07 05:32:43:6573][main] [INFO ] o.s.d.r.c.RepositoryConfigurationExtensionSupport - Spring Data Redis - Could not safely identify store assignment for repository candidate interface com.zerobase.tabling.data.repository.UserRepository; If you want this repository to be a Redis repository, consider annotating your entities with one of these annotations: org.springframework.data.redis.core.RedisHash (preferred), or consider extending one of the following types with your repository: org.springframework.data.keyvalue.repository.KeyValueRepository
[2024-06-07 05:32:43:6573][main] [INFO ] o.s.d.r.c.RepositoryConfigurationDelegate - Finished Spring Data repository scanning in 15 ms. Found 0 Redis repository interfaces.
[2024-06-07 05:32:45:8596][main] [INFO ] o.s.b.w.e.tomcat.TomcatWebServer - Tomcat initialized with port 8080 (http)
[2024-06-07 05:32:45:8617][main] [INFO ] o.a.coyote.http11.Http11NioProtocol - Initializing ProtocolHandler ["http-nio-8080"]
[2024-06-07 05:32:45:8624][main] [INFO ] o.a.catalina.core.StandardService - Starting service [Tomcat]
[2024-06-07 05:32:45:8624][main] [INFO ] o.a.catalina.core.StandardEngine - Starting Servlet engine: [Apache Tomcat/10.1.20]
[2024-06-07 05:32:46:8800][main] [INFO ] o.a.c.c.C.[Tomcat].[localhost].[/] - Initializing Spring embedded WebApplicationContext
[2024-06-07 05:32:46:8802][main] [INFO ] o.s.b.w.s.c.ServletWebServerApplicationContext - Root WebApplicationContext: initialization completed in 5772 ms
[2024-06-07 05:32:46:9108][main] [INFO ] o.h.jpa.internal.util.LogHelper - HHH000204: Processing PersistenceUnitInfo [name: default]
[2024-06-07 05:32:46:9227][main] [INFO ] org.hibernate.Version - HHH000412: Hibernate ORM core version 6.4.4.Final
[2024-06-07 05:32:46:9293][main] [INFO ] o.h.c.i.RegionFactoryInitiator - HHH000026: Second-level cache disabled
[2024-06-07 05:32:47:9691][main] [INFO ] o.s.o.j.p.SpringPersistenceUnitInfo - No LoadTimeWeaver setup: ignoring JPA class transformer
[2024-06-07 05:32:47:9734][main] [INFO ] com.zaxxer.hikari.HikariDataSource - HikariPool-1 - Starting...
[2024-06-07 05:32:47:10399][main] [INFO ] com.zaxxer.hikari.pool.HikariPool - HikariPool-1 - Added connection org.mariadb.jdbc.Connection@590dea35
[2024-06-07 05:32:47:10403][main] [INFO ] com.zaxxer.hikari.HikariDataSource - HikariPool-1 - Start completed.
[2024-06-07 05:32:49:12305][main] [INFO ] o.h.e.t.j.p.i.JtaPlatformInitiator - HHH000489: No JTA platform available (set 'hibernate.transaction.jta.platform' to enable JTA platform integration)
[2024-06-07 05:32:53:16091][main] [INFO ] o.s.o.j.LocalContainerEntityManagerFactoryBean - Initialized JPA EntityManagerFactory for persistence unit 'default'
[2024-06-07 05:32:55:18331][main] [WARN ] o.s.b.a.o.j.JpaBaseConfiguration$JpaWebConfiguration - spring.jpa.open-in-view is enabled by default. Therefore, database queries may be performed during view rendering. Explicitly configure spring.jpa.open-in-view to disable this warning
[2024-06-07 05:32:56:18950][main] [INFO ] o.s.s.w.DefaultSecurityFilterChain - Will secure any request with [org.springframework.security.web.session.DisableEncodeUrlFilter@5d87c8af, org.springframework.security.web.context.request.async.WebAsyncManagerIntegrationFilter@66d9c846, org.springframework.security.web.context.SecurityContextHolderFilter@435848de, org.springframework.security.web.header.HeaderWriterFilter@4c6ebaf2, org.springframework.web.filter.CorsFilter@2b6d9650, org.springframework.security.web.authentication.logout.LogoutFilter@7aa44fa2, com.zerobase.tabling.component.JwtAuthenticationFilter@735dc133, org.springframework.security.web.savedrequest.RequestCacheAwareFilter@19d043a8, org.springframework.security.web.servletapi.SecurityContextHolderAwareRequestFilter@75f67fe5, org.springframework.security.web.authentication.AnonymousAuthenticationFilter@2287bbd1, org.springframework.security.web.session.SessionManagementFilter@1bb21ec1, org.springframework.security.web.access.ExceptionTranslationFilter@5ce9c9e8, org.springframework.security.web.access.intercept.AuthorizationFilter@19544627]
[2024-06-07 05:32:56:18959][main] [WARN ] o.s.s.c.a.web.builders.WebSecurity - You are asking Spring Security to ignore Mvc [pattern='/h2-console/**']. This is not recommended -- please use permitAll via HttpSecurity#authorizeHttpRequests instead.
[2024-06-07 05:32:56:18959][main] [INFO ] o.s.s.w.DefaultSecurityFilterChain - Will not secure Mvc [pattern='/h2-console/**']
[2024-06-07 05:32:56:18960][main] [WARN ] o.s.s.c.a.web.builders.WebSecurity - You are asking Spring Security to ignore Mvc [pattern='/swagger-ui/**']. This is not recommended -- please use permitAll via HttpSecurity#authorizeHttpRequests instead.
[2024-06-07 05:32:56:18960][main] [INFO ] o.s.s.w.DefaultSecurityFilterChain - Will not secure Mvc [pattern='/swagger-ui/**']
[2024-06-07 05:32:56:18960][main] [WARN ] o.s.s.c.a.web.builders.WebSecurity - You are asking Spring Security to ignore Mvc [pattern='/swagger-resources/**']. This is not recommended -- please use permitAll via HttpSecurity#authorizeHttpRequests instead.
[2024-06-07 05:32:56:18960][main] [INFO ] o.s.s.w.DefaultSecurityFilterChain - Will not secure Mvc [pattern='/swagger-resources/**']
[2024-06-07 05:32:56:18960][main] [WARN ] o.s.s.c.a.web.builders.WebSecurity - You are asking Spring Security to ignore Mvc [pattern='/v3/api-docs/**']. This is not recommended -- please use permitAll via HttpSecurity#authorizeHttpRequests instead.
[2024-06-07 05:32:56:18960][main] [INFO ] o.s.s.w.DefaultSecurityFilterChain - Will not secure Mvc [pattern='/v3/api-docs/**']
[2024-06-07 05:32:56:19397][main] [INFO ] o.a.coyote.http11.Http11NioProtocol - Starting ProtocolHandler ["http-nio-8080"]
[2024-06-07 05:32:56:19439][main] [INFO ] o.s.b.w.e.tomcat.TomcatWebServer - Tomcat started on port 8080 (http) with context path ''
[2024-06-07 05:32:56:19452][main] [INFO ] c.z.tabling.TablingApplication - Started TablingApplication in 18.337 seconds (process running for 20.6)
[2024-06-07 05:33:05:28043][SpringApplicationShutdownHook] [INFO ] o.s.o.j.LocalContainerEntityManagerFactoryBean - Closing JPA EntityManagerFactory for persistence unit 'default'
[2024-06-07 05:33:05:28046][SpringApplicationShutdownHook] [INFO ] com.zaxxer.hikari.HikariDataSource - HikariPool-1 - Shutdown initiated...
[2024-06-07 05:33:05:28064][SpringApplicationShutdownHook] [INFO ] com.zaxxer.hikari.HikariDataSource - HikariPool-1 - Shutdown completed.
[2024-06-07 22:23:44:2392][background-preinit] [INFO ] o.h.validator.internal.util.Version - HV000001: Hibernate Validator 8.0.1.Final
[2024-06-07 22:23:44:2491][main] [INFO ] c.z.tabling.TablingApplication - Starting TablingApplication using Java 17 with PID 21952 (D:\개발\제로베이스\tablingService\tabling\out\production\classes started by owo_9 in D:\개발\제로베이스\tablingService\tabling)
[2024-06-07 22:23:44:2494][main] [INFO ] c.z.tabling.TablingApplication - No active profile set, falling back to 1 default profile: "default"
[2024-06-07 22:23:47:5411][main] [INFO ] o.s.d.r.c.RepositoryConfigurationDelegate - Multiple Spring Data modules found, entering strict repository configuration mode
[2024-06-07 22:23:47:5415][main] [INFO ] o.s.d.r.c.RepositoryConfigurationDelegate - Bootstrapping Spring Data JPA repositories in DEFAULT mode.
[2024-06-07 22:23:48:5764][main] [INFO ] o.s.d.r.c.RepositoryConfigurationDelegate - Finished Spring Data repository scanning in 336 ms. Found 5 JPA repository interfaces.
[2024-06-07 22:23:48:5797][main] [INFO ] o.s.d.r.c.RepositoryConfigurationDelegate - Multiple Spring Data modules found, entering strict repository configuration mode
[2024-06-07 22:23:48:5799][main] [INFO ] o.s.d.r.c.RepositoryConfigurationDelegate - Bootstrapping Spring Data Redis repositories in DEFAULT mode.
[2024-06-07 22:23:48:5834][main] [INFO ] o.s.d.r.c.RepositoryConfigurationExtensionSupport - Spring Data Redis - Could not safely identify store assignment for repository candidate interface com.zerobase.tabling.data.repository.ReservationRepository; If you want this repository to be a Redis repository, consider annotating your entities with one of these annotations: org.springframework.data.redis.core.RedisHash (preferred), or consider extending one of the following types with your repository: org.springframework.data.keyvalue.repository.KeyValueRepository
[2024-06-07 22:23:48:5834][main] [INFO ] o.s.d.r.c.RepositoryConfigurationExtensionSupport - Spring Data Redis - Could not safely identify store assignment for repository candidate interface com.zerobase.tabling.data.repository.ReviewRepository; If you want this repository to be a Redis repository, consider annotating your entities with one of these annotations: org.springframework.data.redis.core.RedisHash (preferred), or consider extending one of the following types with your repository: org.springframework.data.keyvalue.repository.KeyValueRepository
[2024-06-07 22:23:48:5835][main] [INFO ] o.s.d.r.c.RepositoryConfigurationExtensionSupport - Spring Data Redis - Could not safely identify store assignment for repository candidate interface com.zerobase.tabling.data.repository.StoreDetailRepository; If you want this repository to be a Redis repository, consider annotating your entities with one of these annotations: org.springframework.data.redis.core.RedisHash (preferred), or consider extending one of the following types with your repository: org.springframework.data.keyvalue.repository.KeyValueRepository
[2024-06-07 22:23:48:5835][main] [INFO ] o.s.d.r.c.RepositoryConfigurationExtensionSupport - Spring Data Redis - Could not safely identify store assignment for repository candidate interface com.zerobase.tabling.data.repository.StoreRepository; If you want this repository to be a Redis repository, consider annotating your entities with one of these annotations: org.springframework.data.redis.core.RedisHash (preferred), or consider extending one of the following types with your repository: org.springframework.data.keyvalue.repository.KeyValueRepository
[2024-06-07 22:23:48:5835][main] [INFO ] o.s.d.r.c.RepositoryConfigurationExtensionSupport - Spring Data Redis - Could not safely identify store assignment for repository candidate interface com.zerobase.tabling.data.repository.UserRepository; If you want this repository to be a Redis repository, consider annotating your entities with one of these annotations: org.springframework.data.redis.core.RedisHash (preferred), or consider extending one of the following types with your repository: org.springframework.data.keyvalue.repository.KeyValueRepository
[2024-06-07 22:23:48:5836][main] [INFO ] o.s.d.r.c.RepositoryConfigurationDelegate - Finished Spring Data repository scanning in 20 ms. Found 0 Redis repository interfaces.
[2024-06-07 22:23:50:7603][main] [INFO ] o.s.b.w.e.tomcat.TomcatWebServer - Tomcat initialized with port 8080 (http)
[2024-06-07 22:23:50:7621][main] [INFO ] o.a.coyote.http11.Http11NioProtocol - Initializing ProtocolHandler ["http-nio-8080"]
[2024-06-07 22:23:50:7625][main] [INFO ] o.a.catalina.core.StandardService - Starting service [Tomcat]
[2024-06-07 22:23:50:7625][main] [INFO ] o.a.catalina.core.StandardEngine - Starting Servlet engine: [Apache Tomcat/10.1.20]
[2024-06-07 22:23:50:7777][main] [INFO ] o.a.c.c.C.[Tomcat].[localhost].[/] - Initializing Spring embedded WebApplicationContext
[2024-06-07 22:23:50:7779][main] [INFO ] o.s.b.w.s.c.ServletWebServerApplicationContext - Root WebApplicationContext: initialization completed in 5153 ms
[2024-06-07 22:23:50:8153][main] [INFO ] o.h.jpa.internal.util.LogHelper - HHH000204: Processing PersistenceUnitInfo [name: default]
[2024-06-07 22:23:50:8272][main] [INFO ] org.hibernate.Version - HHH000412: Hibernate ORM core version 6.4.4.Final
[2024-06-07 22:23:50:8340][main] [INFO ] o.h.c.i.RegionFactoryInitiator - HHH000026: Second-level cache disabled
[2024-06-07 22:23:51:8780][main] [INFO ] o.s.o.j.p.SpringPersistenceUnitInfo - No LoadTimeWeaver setup: ignoring JPA class transformer
[2024-06-07 22:23:51:8819][main] [INFO ] com.zaxxer.hikari.HikariDataSource - HikariPool-1 - Starting...
[2024-06-07 22:23:51:9415][main] [INFO ] com.zaxxer.hikari.pool.HikariPool - HikariPool-1 - Added connection org.mariadb.jdbc.Connection@71316cd7
[2024-06-07 22:23:51:9418][main] [INFO ] com.zaxxer.hikari.HikariDataSource - HikariPool-1 - Start completed.
[2024-06-07 22:23:53:10905][main] [INFO ] o.h.e.t.j.p.i.JtaPlatformInitiator - HHH000489: No JTA platform available (set 'hibernate.transaction.jta.platform' to enable JTA platform integration)
[2024-06-07 22:23:57:14588][main] [INFO ] o.s.o.j.LocalContainerEntityManagerFactoryBean - Initialized JPA EntityManagerFactory for persistence unit 'default'
[2024-06-07 22:23:59:16521][main] [WARN ] o.s.b.a.o.j.JpaBaseConfiguration$JpaWebConfiguration - spring.jpa.open-in-view is enabled by default. Therefore, database queries may be performed during view rendering. Explicitly configure spring.jpa.open-in-view to disable this warning
[2024-06-07 22:23:59:16928][main] [INFO ] o.s.s.w.DefaultSecurityFilterChain - Will secure any request with [org.springframework.security.web.session.DisableEncodeUrlFilter@4ff3af97, org.springframework.security.web.context.request.async.WebAsyncManagerIntegrationFilter@5680f009, org.springframework.security.web.context.SecurityContextHolderFilter@6b78cbee, org.springframework.security.web.header.HeaderWriterFilter@6dcf39c6, org.springframework.web.filter.CorsFilter@3a4e6da6, org.springframework.security.web.authentication.logout.LogoutFilter@5f65a6d7, com.zerobase.tabling.component.JwtAuthenticationFilter@1f062e10, org.springframework.security.web.savedrequest.RequestCacheAwareFilter@7aa44fa2, org.springframework.security.web.servletapi.SecurityContextHolderAwareRequestFilter@4c43c37d, org.springframework.security.web.authentication.AnonymousAuthenticationFilter@73e0c775, org.springframework.security.web.session.SessionManagementFilter@5a4833ab, org.springframework.security.web.access.ExceptionTranslationFilter@2f1d2384, org.springframework.security.web.access.intercept.AuthorizationFilter@5b084c4c]
[2024-06-07 22:23:59:16938][main] [WARN ] o.s.s.c.a.web.builders.WebSecurity - You are asking Spring Security to ignore Mvc [pattern='/h2-console/**']. This is not recommended -- please use permitAll via HttpSecurity#authorizeHttpRequests instead.
[2024-06-07 22:23:59:16938][main] [INFO ] o.s.s.w.DefaultSecurityFilterChain - Will not secure Mvc [pattern='/h2-console/**']
[2024-06-07 22:23:59:16939][main] [WARN ] o.s.s.c.a.web.builders.WebSecurity - You are asking Spring Security to ignore Mvc [pattern='/swagger-ui/**']. This is not recommended -- please use permitAll via HttpSecurity#authorizeHttpRequests instead.
[2024-06-07 22:23:59:16939][main] [INFO ] o.s.s.w.DefaultSecurityFilterChain - Will not secure Mvc [pattern='/swagger-ui/**']
[2024-06-07 22:23:59:16939][main] [WARN ] o.s.s.c.a.web.builders.WebSecurity - You are asking Spring Security to ignore Mvc [pattern='/swagger-resources/**']. This is not recommended -- please use permitAll via HttpSecurity#authorizeHttpRequests instead.
[2024-06-07 22:23:59:16939][main] [INFO ] o.s.s.w.DefaultSecurityFilterChain - Will not secure Mvc [pattern='/swagger-resources/**']
[2024-06-07 22:23:59:16939][main] [WARN ] o.s.s.c.a.web.builders.WebSecurity - You are asking Spring Security to ignore Mvc [pattern='/v3/api-docs/**']. This is not recommended -- please use permitAll via HttpSecurity#authorizeHttpRequests instead.
[2024-06-07 22:23:59:16939][main] [INFO ] o.s.s.w.DefaultSecurityFilterChain - Will not secure Mvc [pattern='/v3/api-docs/**']
[2024-06-07 22:23:59:17457][main] [INFO ] o.a.coyote.http11.Http11NioProtocol - Starting ProtocolHandler ["http-nio-8080"]
[2024-06-07 22:23:59:17496][main] [INFO ] o.s.b.w.e.tomcat.TomcatWebServer - Tomcat started on port 8080 (http) with context path ''
[2024-06-07 22:24:00:17506][main] [INFO ] c.z.tabling.TablingApplication - Started TablingApplication in 16.813 seconds (process running for 19.902)
[2024-06-07 22:24:06:24279][SpringApplicationShutdownHook] [INFO ] o.s.o.j.LocalContainerEntityManagerFactoryBean - Closing JPA EntityManagerFactory for persistence unit 'default'
[2024-06-07 22:24:06:24282][SpringApplicationShutdownHook] [INFO ] com.zaxxer.hikari.HikariDataSource - HikariPool-1 - Shutdown initiated...
[2024-06-07 22:24:06:24360][SpringApplicationShutdownHook] [INFO ] com.zaxxer.hikari.HikariDataSource - HikariPool-1 - Shutdown completed.
